<?xml version="1.0" encoding="UTF-8" standalone="yes"?><!DOCTYPE report PUBLIC "-//JACOCO//DTD Report 1.1//EN" "report.dtd"><report name="CK calculator"><sessioninfo id="Pedro-743f2ad6" start="1725807959635" dump="1725808235860"/><package name="com/github/mauricioaniche/ck/util"><class name="com/github/mauricioaniche/ck/util/FileUtils" sourcefilename="FileUtils.java"><method name="&lt;init&gt;" desc="()V" line="12"><counter type="INSTRUCTION" missed="3" covered="0"/><counter type="LINE" missed="1" covered="0"/><counter type="COMPLEXITY" missed="1" covered="0"/><counter type="METHOD" missed="1" covered="0"/></method><method name="getAllDirs" desc="(Ljava/lang/String;)[Ljava/lang/String;" line="24"><counter type="INSTRUCTION" missed="6" covered="19"/><counter type="LINE" missed="2" covered="6"/><counter type="COMPLEXITY" missed="0" covered="1"/><counter type="METHOD" missed="0" covered="1"/></method><method name="getAllJavaFiles" desc="(Ljava/lang/String;)[Ljava/lang/String;" line="37"><counter type="INSTRUCTION" missed="0" covered="4"/><counter type="LINE" missed="0" covered="1"/><counter type="COMPLEXITY" missed="0" covered="1"/><counter type="METHOD" missed="0" covered="1"/></method><method name="getAllJars" desc="(Ljava/lang/String;)[Ljava/lang/String;" line="42"><counter type="INSTRUCTION" missed="4" covered="0"/><counter type="LINE" missed="1" covered="0"/><counter type="COMPLEXITY" missed="1" covered="0"/><counter type="METHOD" missed="1" covered="0"/></method><method name="getAllFiles" desc="(Ljava/lang/String;Ljava/lang/String;)[Ljava/lang/String;" line="48"><counter type="INSTRUCTION" missed="6" covered="20"/><counter type="LINE" missed="2" covered="6"/><counter type="COMPLEXITY" missed="0" covered="1"/><counter type="METHOD" missed="0" covered="1"/></method><method name="isHiddenDir" desc="(Ljava/nio/file/Path;)Z" line="62"><counter type="INSTRUCTION" missed="5" covered="3"/><counter type="LINE" missed="3" covered="1"/><counter type="COMPLEXITY" missed="0" covered="1"/><counter type="METHOD" missed="0" covered="1"/></method><method name="isIgnoredDir" desc="(Ljava/lang/String;Ljava/util/Collection;)Z" line="71"><counter type="INSTRUCTION" missed="0" covered="19"/><counter type="BRANCH" missed="0" covered="4"/><counter type="LINE" missed="0" covered="5"/><counter type="COMPLEXITY" missed="0" covered="3"/><counter type="METHOD" missed="0" covered="1"/></method><method name="lambda$getAllFiles$8" desc="(I)[Ljava/lang/String;" line="53"><counter type="INSTRUCTION" missed="0" covered="3"/><counter type="LINE" missed="0" covered="1"/><counter type="COMPLEXITY" missed="0" covered="1"/><counter type="METHOD" missed="0" covered="1"/></method><method name="lambda$getAllFiles$7" desc="(Ljava/nio/file/Path;)Ljava/lang/String;" line="52"><counter type="INSTRUCTION" missed="0" covered="4"/><counter type="LINE" missed="0" covered="1"/><counter type="COMPLEXITY" missed="0" covered="1"/><counter type="METHOD" missed="0" covered="1"/></method><method name="lambda$getAllFiles$6" desc="(Ljava/lang/String;Ljava/nio/file/Path;)Z" line="51"><counter type="INSTRUCTION" missed="0" covered="7"/><counter type="LINE" missed="0" covered="1"/><counter type="COMPLEXITY" missed="0" covered="1"/><counter type="METHOD" missed="0" covered="1"/></method><method name="lambda$getAllFiles$5" desc="(Ljava/nio/file/Path;)Z" line="50"><counter type="INSTRUCTION" missed="0" covered="10"/><counter type="BRANCH" missed="0" covered="2"/><counter type="LINE" missed="0" covered="1"/><counter type="COMPLEXITY" missed="0" covered="2"/><counter type="METHOD" missed="0" covered="1"/></method><method name="lambda$getAllFiles$4" desc="(Ljava/nio/file/Path;)Z" line="49"><counter type="INSTRUCTION" missed="0" covered="5"/><counter type="LINE" missed="0" covered="1"/><counter type="COMPLEXITY" missed="0" covered="1"/><counter type="METHOD" missed="0" covered="1"/></method><method name="lambda$getAllDirs$3" desc="(I)[Ljava/lang/String;" line="29"><counter type="INSTRUCTION" missed="0" covered="3"/><counter type="LINE" missed="0" covered="1"/><counter type="COMPLEXITY" missed="0" covered="1"/><counter type="METHOD" missed="0" covered="1"/></method><method name="lambda$getAllDirs$2" desc="(Ljava/nio/file/Path;)Ljava/lang/String;" line="28"><counter type="INSTRUCTION" missed="0" covered="4"/><counter type="LINE" missed="0" covered="1"/><counter type="COMPLEXITY" missed="0" covered="1"/><counter type="METHOD" missed="0" covered="1"/></method><method name="lambda$getAllDirs$1" desc="(Ljava/nio/file/Path;)Z" line="27"><counter type="INSTRUCTION" missed="1" covered="9"/><counter type="BRANCH" missed="1" covered="1"/><counter type="LINE" missed="0" covered="1"/><counter type="COMPLEXITY" missed="1" covered="1"/><counter type="METHOD" missed="0" covered="1"/></method><method name="lambda$getAllDirs$0" desc="(Ljava/nio/file/Path;)Z" line="25"><counter type="INSTRUCTION" missed="0" covered="5"/><counter type="LINE" missed="0" covered="1"/><counter type="COMPLEXITY" missed="0" covered="1"/><counter type="METHOD" missed="0" covered="1"/></method><method name="&lt;clinit&gt;" desc="()V" line="13"><counter type="INSTRUCTION" missed="0" covered="22"/><counter type="LINE" missed="0" covered="3"/><counter type="COMPLEXITY" missed="0" covered="1"/><counter type="METHOD" missed="0" covered="1"/></method><counter type="INSTRUCTION" missed="25" covered="137"/><counter type="BRANCH" missed="1" covered="7"/><counter type="LINE" missed="9" covered="22"/><counter type="COMPLEXITY" missed="3" covered="18"/><counter type="METHOD" missed="2" covered="15"/><counter type="CLASS" missed="0" covered="1"/></class><class name="com/github/mauricioaniche/ck/util/WordCounter" sourcefilename="WordCounter.java"><method name="&lt;init&gt;" desc="()V" line="6"><counter type="INSTRUCTION" missed="3" covered="0"/><counter type="LINE" missed="1" covered="0"/><counter type="COMPLEXITY" missed="1" covered="0"/><counter type="METHOD" missed="1" covered="0"/></method><method name="wordsIn" desc="(Ljava/lang/String;)Ljava/util/Set;" line="69"><counter type="INSTRUCTION" missed="0" covered="94"/><counter type="BRANCH" missed="0" covered="2"/><counter type="LINE" missed="0" covered="30"/><counter type="COMPLEXITY" missed="0" covered="2"/><counter type="METHOD" missed="0" covered="1"/></method><method name="breakString" desc="(Ljava/lang/String;)Ljava/util/Collection;" line="107"><counter type="INSTRUCTION" missed="0" covered="66"/><counter type="BRANCH" missed="0" covered="10"/><counter type="LINE" missed="0" covered="12"/><counter type="COMPLEXITY" missed="0" covered="6"/><counter type="METHOD" missed="0" covered="1"/></method><method name="removeSpacesAndIdentation" desc="(Ljava/lang/String;)Ljava/lang/String;" line="127"><counter type="INSTRUCTION" missed="0" covered="15"/><counter type="LINE" missed="0" covered="6"/><counter type="COMPLEXITY" missed="0" covered="1"/><counter type="METHOD" missed="0" covered="1"/></method><method name="lambda$wordsIn$3" desc="(Ljava/lang/String;)Z" line="93"><counter type="INSTRUCTION" missed="0" covered="8"/><counter type="BRANCH" missed="0" covered="2"/><counter type="LINE" missed="0" covered="1"/><counter type="COMPLEXITY" missed="0" covered="2"/><counter type="METHOD" missed="0" covered="1"/></method><method name="lambda$wordsIn$2" desc="(Ljava/lang/String;)Z" line="92"><counter type="INSTRUCTION" missed="0" covered="4"/><counter type="LINE" missed="0" covered="1"/><counter type="COMPLEXITY" missed="0" covered="1"/><counter type="METHOD" missed="0" covered="1"/></method><method name="lambda$wordsIn$1" desc="(Ljava/lang/String;)Z" line="91"><counter type="INSTRUCTION" missed="0" covered="7"/><counter type="BRANCH" missed="0" covered="2"/><counter type="LINE" missed="0" covered="1"/><counter type="COMPLEXITY" missed="0" covered="2"/><counter type="METHOD" missed="0" covered="1"/></method><method name="lambda$wordsIn$0" desc="(Ljava/lang/String;)Z" line="90"><counter type="INSTRUCTION" missed="0" covered="8"/><counter type="BRANCH" missed="0" covered="2"/><counter type="LINE" missed="0" covered="1"/><counter type="COMPLEXITY" missed="0" covered="2"/><counter type="METHOD" missed="0" covered="1"/></method><method name="&lt;clinit&gt;" desc="()V" line="11"><counter type="INSTRUCTION" missed="0" covered="5"/><counter type="LINE" missed="0" covered="2"/><counter type="COMPLEXITY" missed="0" covered="1"/><counter type="METHOD" missed="0" covered="1"/></method><counter type="INSTRUCTION" missed="3" covered="207"/><counter type="BRANCH" missed="0" covered="18"/><counter type="LINE" missed="1" covered="50"/><counter type="COMPLEXITY" missed="1" covered="17"/><counter type="METHOD" missed="1" covered="8"/><counter type="CLASS" missed="0" covered="1"/></class><class name="com/github/mauricioaniche/ck/util/DependencySorter" sourcefilename="DependencySorter.java"><method name="&lt;init&gt;" desc="()V" line="12"><counter type="INSTRUCTION" missed="0" covered="3"/><counter type="LINE" missed="0" covered="1"/><counter type="COMPLEXITY" missed="0" covered="1"/><counter type="METHOD" missed="0" covered="1"/></method><method name="sort" desc="(Ljava/util/List;)Ljava/util/List;" line="16"><counter type="INSTRUCTION" missed="0" covered="39"/><counter type="BRANCH" missed="0" covered="4"/><counter type="LINE" missed="0" covered="7"/><counter type="COMPLEXITY" missed="0" covered="3"/><counter type="METHOD" missed="0" covered="1"/></method><method name="topologicalSort" desc="(I[Z[[ZLjava/util/Stack;)V" line="35"><counter type="INSTRUCTION" missed="0" covered="29"/><counter type="LINE" missed="0" covered="7"/><counter type="COMPLEXITY" missed="0" covered="1"/><counter type="METHOD" missed="0" covered="1"/></method><method name="deriveAdjacencyMatrix" desc="(Ljava/util/List;)[[Z" line="50"><counter type="INSTRUCTION" missed="0" covered="24"/><counter type="LINE" missed="0" covered="7"/><counter type="COMPLEXITY" missed="0" covered="1"/><counter type="METHOD" missed="0" covered="1"/></method><method name="lambda$deriveAdjacencyMatrix$9" desc="([[ZLorg/apache/commons/lang3/tuple/Pair;)V" line="64"><counter type="INSTRUCTION" missed="0" covered="13"/><counter type="LINE" missed="0" covered="1"/><counter type="COMPLEXITY" missed="0" covered="1"/><counter type="METHOD" missed="0" covered="1"/></method><method name="lambda$deriveAdjacencyMatrix$8" desc="(Ljava/util/List;Lorg/apache/commons/lang3/tuple/Pair;)Ljava/util/stream/Stream;" line="61"><counter type="INSTRUCTION" missed="0" covered="11"/><counter type="LINE" missed="0" covered="3"/><counter type="COMPLEXITY" missed="0" covered="1"/><counter type="METHOD" missed="0" covered="1"/></method><method name="lambda$deriveAdjacencyMatrix$7" desc="(Lorg/apache/commons/lang3/tuple/Pair;)Z" line="63"><counter type="INSTRUCTION" missed="0" covered="10"/><counter type="BRANCH" missed="0" covered="2"/><counter type="LINE" missed="0" covered="1"/><counter type="COMPLEXITY" missed="0" covered="2"/><counter type="METHOD" missed="0" covered="1"/></method><method name="lambda$deriveAdjacencyMatrix$6" desc="(Lorg/apache/commons/lang3/tuple/Pair;Ljava/util/List;Ljava/lang/Class;)Lorg/apache/commons/lang3/tuple/Pair;" line="62"><counter type="INSTRUCTION" missed="0" covered="9"/><counter type="LINE" missed="0" covered="1"/><counter type="COMPLEXITY" missed="0" covered="1"/><counter type="METHOD" missed="0" covered="1"/></method><method name="lambda$deriveAdjacencyMatrix$5" desc="(Ljava/util/List;I)Lorg/apache/commons/lang3/tuple/Pair;" line="57"><counter type="INSTRUCTION" missed="0" covered="12"/><counter type="LINE" missed="0" covered="1"/><counter type="COMPLEXITY" missed="0" covered="1"/><counter type="METHOD" missed="0" covered="1"/></method><method name="lambda$deriveAdjacencyMatrix$4" desc="(Ljava/util/List;I)Z" line="55"><counter type="INSTRUCTION" missed="0" covered="11"/><counter type="BRANCH" missed="0" covered="2"/><counter type="LINE" missed="0" covered="1"/><counter type="COMPLEXITY" missed="0" covered="2"/><counter type="METHOD" missed="0" covered="1"/></method><method name="lambda$topologicalSort$3" desc="([Z[[ZLjava/util/Stack;I)V" line="41"><counter type="INSTRUCTION" missed="0" covered="7"/><counter type="LINE" missed="0" covered="1"/><counter type="COMPLEXITY" missed="0" covered="1"/><counter type="METHOD" missed="0" covered="1"/></method><method name="lambda$topologicalSort$2" desc="([ZI)Z" line="40"><counter type="INSTRUCTION" missed="0" covered="8"/><counter type="BRANCH" missed="0" covered="2"/><counter type="LINE" missed="0" covered="1"/><counter type="COMPLEXITY" missed="0" covered="2"/><counter type="METHOD" missed="0" covered="1"/></method><method name="lambda$topologicalSort$1" desc="([[ZII)Z" line="39"><counter type="INSTRUCTION" missed="0" covered="6"/><counter type="LINE" missed="0" covered="1"/><counter type="COMPLEXITY" missed="0" covered="1"/><counter type="METHOD" missed="0" covered="1"/></method><method name="lambda$sort$0" desc="(Ljava/util/List;Ljava/lang/Integer;)Ljava/lang/Class;" line="30"><counter type="INSTRUCTION" missed="0" covered="6"/><counter type="LINE" missed="0" covered="1"/><counter type="COMPLEXITY" missed="0" covered="1"/><counter type="METHOD" missed="0" covered="1"/></method><counter type="INSTRUCTION" missed="0" covered="188"/><counter type="BRANCH" missed="0" covered="10"/><counter type="LINE" missed="0" covered="24"/><counter type="COMPLEXITY" missed="0" covered="19"/><counter type="METHOD" missed="0" covered="14"/><counter type="CLASS" missed="0" covered="1"/></class><class name="com/github/mauricioaniche/ck/util/LOCCalculator" sourcefilename="LOCCalculator.java"><method name="&lt;init&gt;" desc="()V" line="11"><counter type="INSTRUCTION" missed="3" covered="0"/><counter type="LINE" missed="1" covered="0"/><counter type="COMPLEXITY" missed="1" covered="0"/><counter type="METHOD" missed="1" covered="0"/></method><method name="calculate" desc="(Ljava/lang/String;)I" line="17"><counter type="INSTRUCTION" missed="7" covered="14"/><counter type="LINE" missed="3" covered="3"/><counter type="COMPLEXITY" missed="0" covered="1"/><counter type="METHOD" missed="0" covered="1"/></method><method name="getNumberOfLines" desc="(Ljava/io/BufferedReader;)I" line="53"><counter type="INSTRUCTION" missed="5" covered="55"/><counter type="BRANCH" missed="3" covered="15"/><counter type="LINE" missed="1" covered="17"/><counter type="COMPLEXITY" missed="2" covered="8"/><counter type="METHOD" missed="0" covered="1"/></method><method name="commentBegan" desc="(Ljava/lang/String;)Z" line="90"><counter type="INSTRUCTION" missed="0" covered="56"/><counter type="BRANCH" missed="1" covered="9"/><counter type="LINE" missed="0" covered="13"/><counter type="COMPLEXITY" missed="1" covered="5"/><counter type="METHOD" missed="0" covered="1"/></method><method name="commentEnded" desc="(Ljava/lang/String;)Z" line="115"><counter type="INSTRUCTION" missed="2" covered="30"/><counter type="BRANCH" missed="2" covered="6"/><counter type="LINE" missed="1" covered="8"/><counter type="COMPLEXITY" missed="2" covered="3"/><counter type="METHOD" missed="0" covered="1"/></method><method name="isSourceCodeLine" desc="(Ljava/lang/String;)Z" line="141"><counter type="INSTRUCTION" missed="30" covered="52"/><counter type="BRANCH" missed="10" covered="10"/><counter type="LINE" missed="10" covered="15"/><counter type="COMPLEXITY" missed="7" covered="4"/><counter type="METHOD" missed="0" covered="1"/></method><method name="&lt;clinit&gt;" desc="()V" line="13"><counter type="INSTRUCTION" missed="0" covered="4"/><counter type="LINE" missed="0" covered="1"/><counter type="COMPLEXITY" missed="0" covered="1"/><counter type="METHOD" missed="0" covered="1"/></method><counter type="INSTRUCTION" missed="47" covered="211"/><counter type="BRANCH" missed="16" covered="40"/><counter type="LINE" missed="16" covered="57"/><counter type="COMPLEXITY" missed="13" covered="22"/><counter type="METHOD" missed="1" covered="6"/><counter type="CLASS" missed="0" covered="1"/></class><class name="com/github/mauricioaniche/ck/util/JDTUtils" sourcefilename="JDTUtils.java"><method name="&lt;init&gt;" desc="()V" line="10"><counter type="INSTRUCTION" missed="3" covered="0"/><counter type="LINE" missed="1" covered="0"/><counter type="COMPLEXITY" missed="1" covered="0"/><counter type="METHOD" missed="1" covered="0"/></method><method name="getStartLine" desc="(Lorg/eclipse/jdt/core/dom/CompilationUnit;Lorg/eclipse/jdt/core/dom/MethodDeclaration;)I" line="22"><counter type="INSTRUCTION" missed="0" covered="14"/><counter type="BRANCH" missed="0" covered="2"/><counter type="LINE" missed="0" covered="3"/><counter type="COMPLEXITY" missed="0" covered="2"/><counter type="METHOD" missed="0" covered="1"/></method><method name="getStartLine" desc="(Lorg/eclipse/jdt/core/dom/CompilationUnit;Lorg/eclipse/jdt/core/dom/Initializer;)I" line="28"><counter type="INSTRUCTION" missed="4" covered="10"/><counter type="BRANCH" missed="1" covered="1"/><counter type="LINE" missed="1" covered="2"/><counter type="COMPLEXITY" missed="1" covered="1"/><counter type="METHOD" missed="0" covered="1"/></method><method name="getMethodFullName" desc="(Lorg/eclipse/jdt/core/dom/IMethodBinding;)Ljava/lang/String;" line="35"><counter type="INSTRUCTION" missed="0" covered="8"/><counter type="LINE" missed="0" covered="2"/><counter type="COMPLEXITY" missed="0" covered="1"/><counter type="METHOD" missed="0" covered="1"/></method><method name="getMethodFullName" desc="(Lorg/eclipse/jdt/core/dom/MethodDeclaration;)Ljava/lang/String;" line="40"><counter type="INSTRUCTION" missed="0" covered="16"/><counter type="BRANCH" missed="0" covered="2"/><counter type="LINE" missed="0" covered="4"/><counter type="COMPLEXITY" missed="0" covered="2"/><counter type="METHOD" missed="0" covered="1"/></method><method name="getQualifiedMethodFullName" desc="(Lorg/eclipse/jdt/core/dom/IMethodBinding;)Ljava/lang/String;" line="49"><counter type="INSTRUCTION" missed="0" covered="18"/><counter type="BRANCH" missed="1" covered="1"/><counter type="LINE" missed="0" covered="4"/><counter type="COMPLEXITY" missed="1" covered="1"/><counter type="METHOD" missed="0" covered="1"/></method><method name="getQualifiedMethodFullName" desc="(Lorg/eclipse/jdt/core/dom/MethodDeclaration;)Ljava/lang/String;" line="58"><counter type="INSTRUCTION" missed="0" covered="16"/><counter type="BRANCH" missed="0" covered="2"/><counter type="LINE" missed="0" covered="4"/><counter type="COMPLEXITY" missed="0" covered="2"/><counter type="METHOD" missed="0" covered="1"/></method><method name="getQualifiedMethodFullName" desc="(Lorg/eclipse/jdt/core/dom/MethodInvocation;)Ljava/lang/String;" line="67"><counter type="INSTRUCTION" missed="0" covered="18"/><counter type="BRANCH" missed="0" covered="2"/><counter type="LINE" missed="0" covered="4"/><counter type="COMPLEXITY" missed="0" covered="2"/><counter type="METHOD" missed="0" covered="1"/></method><method name="getQualifiedMethodFullName" desc="(Lorg/eclipse/jdt/core/dom/SuperMethodInvocation;)Ljava/lang/String;" line="77"><counter type="INSTRUCTION" missed="10" covered="21"/><counter type="BRANCH" missed="1" covered="3"/><counter type="LINE" missed="1" covered="5"/><counter type="COMPLEXITY" missed="1" covered="2"/><counter type="METHOD" missed="0" covered="1"/></method><method name="getMethodSignature" desc="(Lorg/eclipse/jdt/core/dom/IMethodBinding;)Ljava/lang/String;" line="88"><counter type="INSTRUCTION" missed="2" covered="40"/><counter type="BRANCH" missed="1" covered="5"/><counter type="LINE" missed="0" covered="7"/><counter type="COMPLEXITY" missed="1" covered="3"/><counter type="METHOD" missed="0" covered="1"/></method><method name="getMethodSignature" desc="(Lorg/eclipse/jdt/core/dom/MethodDeclaration;)Ljava/lang/String;" line="104"><counter type="INSTRUCTION" missed="5" covered="54"/><counter type="BRANCH" missed="2" covered="10"/><counter type="LINE" missed="0" covered="13"/><counter type="COMPLEXITY" missed="2" covered="5"/><counter type="METHOD" missed="0" covered="1"/></method><method name="getMethodSignature" desc="(Ljava/util/List;Ljava/util/List;)Ljava/lang/String;" line="130"><counter type="INSTRUCTION" missed="1" covered="17"/><counter type="BRANCH" missed="1" covered="1"/><counter type="LINE" missed="0" covered="3"/><counter type="COMPLEXITY" missed="1" covered="1"/><counter type="METHOD" missed="0" covered="1"/></method><method name="formatSignature" desc="(Ljava/util/List;)Ljava/lang/String;" line="136"><counter type="INSTRUCTION" missed="0" covered="39"/><counter type="BRANCH" missed="0" covered="6"/><counter type="LINE" missed="0" covered="6"/><counter type="COMPLEXITY" missed="0" covered="4"/><counter type="METHOD" missed="0" covered="1"/></method><method name="getVariableName" desc="(Ljava/util/List;)Ljava/util/List;" line="148"><counter type="INSTRUCTION" missed="2" covered="10"/><counter type="BRANCH" missed="1" covered="1"/><counter type="LINE" missed="1" covered="2"/><counter type="COMPLEXITY" missed="1" covered="1"/><counter type="METHOD" missed="0" covered="1"/></method><method name="lambda$getVariableName$1" desc="(Lorg/eclipse/jdt/core/dom/VariableDeclarationFragment;)Ljava/lang/String;" line="149"><counter type="INSTRUCTION" missed="0" covered="4"/><counter type="LINE" missed="0" covered="1"/><counter type="COMPLEXITY" missed="0" covered="1"/><counter type="METHOD" missed="0" covered="1"/></method><method name="lambda$getMethodSignature$0" desc="(Ljava/lang/Object;)Ljava/lang/String;" line="131"><counter type="INSTRUCTION" missed="0" covered="3"/><counter type="LINE" missed="0" covered="1"/><counter type="COMPLEXITY" missed="0" covered="1"/><counter type="METHOD" missed="0" covered="1"/></method><counter type="INSTRUCTION" missed="27" covered="288"/><counter type="BRANCH" missed="8" covered="36"/><counter type="LINE" missed="4" covered="59"/><counter type="COMPLEXITY" missed="9" covered="29"/><counter type="METHOD" missed="1" covered="15"/><counter type="CLASS" missed="0" covered="1"/></class><class name="com/github/mauricioaniche/ck/util/WordCounter$1" sourcefilename="WordCounter.java"><method name="&lt;init&gt;" desc="()V" line="1"><counter type="INSTRUCTION" missed="0" covered="207"/><counter type="LINE" missed="0" covered="53"/><counter type="COMPLEXITY" missed="0" covered="1"/><counter type="METHOD" missed="0" covered="1"/></method><counter type="INSTRUCTION" missed="0" covered="207"/><counter type="LINE" missed="0" covered="53"/><counter type="COMPLEXITY" missed="0" covered="1"/><counter type="METHOD" missed="0" covered="1"/><counter type="CLASS" missed="0" covered="1"/></class><class name="com/github/mauricioaniche/ck/util/MetricsFinder" sourcefilename="MetricsFinder.java"><method name="&lt;init&gt;" desc="(Lcom/github/mauricioaniche/ck/util/DependencySorter;)V" line="18"><counter type="INSTRUCTION" missed="0" covered="6"/><counter type="LINE" missed="0" covered="3"/><counter type="COMPLEXITY" missed="0" covered="1"/><counter type="METHOD" missed="0" covered="1"/></method><method name="&lt;init&gt;" desc="()V" line="23"><counter type="INSTRUCTION" missed="0" covered="6"/><counter type="LINE" missed="0" covered="2"/><counter type="COMPLEXITY" missed="0" covered="1"/><counter type="METHOD" missed="0" covered="1"/></method><method name="allMethodLevelMetrics" desc="(Z)Ljava/util/List;" line="27"><counter type="INSTRUCTION" missed="7" covered="33"/><counter type="BRANCH" missed="0" covered="4"/><counter type="LINE" missed="2" covered="7"/><counter type="COMPLEXITY" missed="0" covered="3"/><counter type="METHOD" missed="0" covered="1"/></method><method name="allClassLevelMetrics" desc="()Ljava/util/List;" line="44"><counter type="INSTRUCTION" missed="7" covered="32"/><counter type="BRANCH" missed="0" covered="4"/><counter type="LINE" missed="2" covered="7"/><counter type="COMPLEXITY" missed="0" covered="3"/><counter type="METHOD" missed="0" covered="1"/></method><method name="loadMethodLevelClasses" desc="(Z)V" line="61"><counter type="INSTRUCTION" missed="7" covered="23"/><counter type="LINE" missed="2" covered="6"/><counter type="COMPLEXITY" missed="0" covered="1"/><counter type="METHOD" missed="0" covered="1"/></method><method name="loadClassLevelClasses" desc="()V" line="74"><counter type="INSTRUCTION" missed="7" covered="19"/><counter type="LINE" missed="2" covered="4"/><counter type="COMPLEXITY" missed="0" covered="1"/><counter type="METHOD" missed="0" covered="1"/></method><method name="lambda$loadMethodLevelClasses$0" desc="(ZLjava/lang/Class;)Z" line="64"><counter type="INSTRUCTION" missed="7" covered="5"/><counter type="BRANCH" missed="3" covered="1"/><counter type="LINE" missed="0" covered="1"/><counter type="COMPLEXITY" missed="2" covered="1"/><counter type="METHOD" missed="0" covered="1"/></method><method name="&lt;clinit&gt;" desc="()V" line="14"><counter type="INSTRUCTION" missed="0" covered="5"/><counter type="LINE" missed="0" covered="2"/><counter type="COMPLEXITY" missed="0" covered="1"/><counter type="METHOD" missed="0" covered="1"/></method><counter type="INSTRUCTION" missed="35" covered="129"/><counter type="BRANCH" missed="3" covered="9"/><counter type="LINE" missed="8" covered="31"/><counter type="COMPLEXITY" missed="2" covered="12"/><counter type="METHOD" missed="0" covered="8"/><counter type="CLASS" missed="0" covered="1"/></class><sourcefile name="WordCounter.java"><line nr="1" mi="0" ci="1" mb="0" cb="0"/><line nr="6" mi="3" ci="0" mb="0" cb="0"/><line nr="11" mi="0" ci="6" mb="0" cb="0"/><line nr="12" mi="0" ci="4" mb="0" cb="0"/><line nr="13" mi="0" ci="4" mb="0" cb="0"/><line nr="14" mi="0" ci="4" mb="0" cb="0"/><line nr="15" mi="0" ci="4" mb="0" cb="0"/><line nr="16" mi="0" ci="4" mb="0" cb="0"/><line nr="17" mi="0" ci="4" mb="0" cb="0"/><line nr="18" mi="0" ci="4" mb="0" cb="0"/><line nr="19" mi="0" ci="4" mb="0" cb="0"/><line nr="20" mi="0" ci="4" mb="0" cb="0"/><line nr="21" mi="0" ci="4" mb="0" cb="0"/><line nr="22" mi="0" ci="4" mb="0" cb="0"/><line nr="23" mi="0" ci="4" mb="0" cb="0"/><line nr="24" mi="0" ci="4" mb="0" cb="0"/><line nr="25" mi="0" ci="4" mb="0" cb="0"/><line nr="26" mi="0" ci="4" mb="0" cb="0"/><line nr="27" mi="0" ci="4" mb="0" cb="0"/><line nr="28" mi="0" ci="4" mb="0" cb="0"/><line nr="29" mi="0" ci="4" mb="0" cb="0"/><line nr="30" mi="0" ci="4" mb="0" cb="0"/><line nr="31" mi="0" ci="4" mb="0" cb="0"/><line nr="32" mi="0" ci="4" mb="0" cb="0"/><line nr="33" mi="0" ci="4" mb="0" cb="0"/><line nr="34" mi="0" ci="4" mb="0" cb="0"/><line nr="35" mi="0" ci="4" mb="0" cb="0"/><line nr="36" mi="0" ci="4" mb="0" cb="0"/><line nr="37" mi="0" ci="4" mb="0" cb="0"/><line nr="38" mi="0" ci="4" mb="0" cb="0"/><line nr="39" mi="0" ci="4" mb="0" cb="0"/><line nr="40" mi="0" ci="4" mb="0" cb="0"/><line nr="41" mi="0" ci="4" mb="0" cb="0"/><line nr="42" mi="0" ci="4" mb="0" cb="0"/><line nr="43" mi="0" ci="4" mb="0" cb="0"/><line nr="44" mi="0" ci="4" mb="0" cb="0"/><line nr="45" mi="0" ci="4" mb="0" cb="0"/><line nr="46" mi="0" ci="4" mb="0" cb="0"/><line nr="47" mi="0" ci="4" mb="0" cb="0"/><line nr="48" mi="0" ci="4" mb="0" cb="0"/><line nr="49" mi="0" ci="4" mb="0" cb="0"/><line nr="50" mi="0" ci="4" mb="0" cb="0"/><line nr="51" mi="0" ci="4" mb="0" cb="0"/><line nr="52" mi="0" ci="4" mb="0" cb="0"/><line nr="53" mi="0" ci="4" mb="0" cb="0"/><line nr="54" mi="0" ci="4" mb="0" cb="0"/><line nr="55" mi="0" ci="4" mb="0" cb="0"/><line nr="56" mi="0" ci="4" mb="0" cb="0"/><line nr="57" mi="0" ci="4" mb="0" cb="0"/><line nr="58" mi="0" ci="4" mb="0" cb="0"/><line nr="59" mi="0" ci="4" mb="0" cb="0"/><line nr="60" mi="0" ci="4" mb="0" cb="0"/><line nr="61" mi="0" ci="4" mb="0" cb="0"/><line nr="63" mi="0" ci="4" mb="0" cb="0"/><line nr="65" mi="0" ci="1" mb="0" cb="0"/><line nr="69" mi="0" ci="3" mb="0" cb="0"/><line nr="70" mi="0" ci="3" mb="0" cb="0"/><line nr="71" mi="0" ci="3" mb="0" cb="0"/><line nr="72" mi="0" ci="3" mb="0" cb="0"/><line nr="73" mi="0" ci="3" mb="0" cb="0"/><line nr="74" mi="0" ci="3" mb="0" cb="0"/><line nr="75" mi="0" ci="3" mb="0" cb="0"/><line nr="76" mi="0" ci="3" mb="0" cb="0"/><line nr="77" mi="0" ci="3" mb="0" cb="0"/><line nr="78" mi="0" ci="3" mb="0" cb="0"/><line nr="79" mi="0" ci="3" mb="0" cb="0"/><line nr="80" mi="0" ci="3" mb="0" cb="0"/><line nr="81" mi="0" ci="3" mb="0" cb="0"/><line nr="82" mi="0" ci="3" mb="0" cb="0"/><line nr="83" mi="0" ci="3" mb="0" cb="0"/><line nr="84" mi="0" ci="3" mb="0" cb="0"/><line nr="85" mi="0" ci="3" mb="0" cb="0"/><line nr="86" mi="0" ci="3" mb="0" cb="0"/><line nr="87" mi="0" ci="2" mb="0" cb="0"/><line nr="88" mi="0" ci="2" mb="0" cb="0"/><line nr="90" mi="0" ci="13" mb="0" cb="2"/><line nr="91" mi="0" ci="9" mb="0" cb="2"/><line nr="92" mi="0" ci="6" mb="0" cb="0"/><line nr="93" mi="0" ci="9" mb="0" cb="2"/><line nr="94" mi="0" ci="4" mb="0" cb="0"/><line nr="96" mi="0" ci="4" mb="0" cb="0"/><line nr="97" mi="0" ci="10" mb="0" cb="2"/><line nr="98" mi="0" ci="5" mb="0" cb="0"/><line nr="99" mi="0" ci="1" mb="0" cb="0"/><line nr="101" mi="0" ci="2" mb="0" cb="0"/><line nr="107" mi="0" ci="4" mb="0" cb="2"/><line nr="108" mi="0" ci="8" mb="0" cb="0"/><line nr="110" mi="0" ci="2" mb="0" cb="0"/><line nr="111" mi="0" ci="4" mb="0" cb="0"/><line nr="113" mi="0" ci="8" mb="0" cb="2"/><line nr="114" mi="0" ci="10" mb="0" cb="4"/><line nr="115" mi="0" ci="5" mb="0" cb="0"/><line nr="116" mi="0" ci="4" mb="0" cb="0"/><line nr="117" mi="0" ci="11" mb="0" cb="2"/><line nr="120" mi="0" ci="4" mb="0" cb="0"/><line nr="121" mi="0" ci="4" mb="0" cb="0"/><line nr="122" mi="0" ci="2" mb="0" cb="0"/><line nr="127" mi="0" ci="2" mb="0" cb="0"/><line nr="128" mi="0" ci="3" mb="0" cb="0"/><line nr="129" mi="0" ci="3" mb="0" cb="0"/><line nr="130" mi="0" ci="3" mb="0" cb="0"/><line nr="131" mi="0" ci="3" mb="0" cb="0"/><line nr="132" mi="0" ci="1" mb="0" cb="0"/><counter type="INSTRUCTION" missed="3" covered="414"/><counter type="BRANCH" missed="0" covered="18"/><counter type="LINE" missed="1" covered="102"/><counter type="COMPLEXITY" missed="1" covered="18"/><counter type="METHOD" missed="1" covered="9"/><counter type="CLASS" missed="0" covered="2"/></sourcefile><sourcefile name="FileUtils.java"><line nr="12" mi="3" ci="0" mb="0" cb="0"/><line nr="13" mi="0" ci="4" mb="0" cb="0"/><line nr="18" mi="0" ci="17" mb="0" cb="0"/><line nr="19" mi="0" ci="1" mb="0" cb="0"/><line nr="24" mi="0" ci="9" mb="0" cb="0"/><line nr="25" mi="0" ci="7" mb="0" cb="0"/><line nr="26" mi="0" ci="2" mb="0" cb="0"/><line nr="27" mi="1" ci="11" mb="1" cb="1"/><line nr="28" mi="0" ci="6" mb="0" cb="0"/><line nr="29" mi="0" ci="5" mb="0" cb="0"/><line nr="30" mi="1" ci="0" mb="0" cb="0"/><line nr="31" mi="5" ci="0" mb="0" cb="0"/><line nr="37" mi="0" ci="4" mb="0" cb="0"/><line nr="42" mi="4" ci="0" mb="0" cb="0"/><line nr="48" mi="0" ci="9" mb="0" cb="0"/><line nr="49" mi="0" ci="7" mb="0" cb="0"/><line nr="50" mi="0" ci="13" mb="0" cb="2"/><line nr="51" mi="0" ci="9" mb="0" cb="0"/><line nr="52" mi="0" ci="6" mb="0" cb="0"/><line nr="53" mi="0" ci="5" mb="0" cb="0"/><line nr="54" mi="1" ci="0" mb="0" cb="0"/><line nr="55" mi="5" ci="0" mb="0" cb="0"/><line nr="62" mi="0" ci="3" mb="0" cb="0"/><line nr="63" mi="1" ci="0" mb="0" cb="0"/><line nr="64" mi="2" ci="0" mb="0" cb="0"/><line nr="65" mi="2" ci="0" mb="0" cb="0"/><line nr="71" mi="0" ci="10" mb="0" cb="2"/><line nr="72" mi="0" ci="4" mb="0" cb="2"/><line nr="73" mi="0" ci="2" mb="0" cb="0"/><line nr="75" mi="0" ci="1" mb="0" cb="0"/><line nr="76" mi="0" ci="2" mb="0" cb="0"/><counter type="INSTRUCTION" missed="25" covered="137"/><counter type="BRANCH" missed="1" covered="7"/><counter type="LINE" missed="9" covered="22"/><counter type="COMPLEXITY" missed="3" covered="18"/><counter type="METHOD" missed="2" covered="15"/><counter type="CLASS" missed="0" covered="1"/></sourcefile><sourcefile name="MetricsFinder.java"><line nr="14" mi="0" ci="2" mb="0" cb="0"/><line nr="15" mi="0" ci="3" mb="0" cb="0"/><line nr="18" mi="0" ci="2" mb="0" cb="0"/><line nr="19" mi="0" ci="3" mb="0" cb="0"/><line nr="20" mi="0" ci="1" mb="0" cb="0"/><line nr="23" mi="0" ci="5" mb="0" cb="0"/><line nr="24" mi="0" ci="1" mb="0" cb="0"/><line nr="27" mi="0" ci="2" mb="0" cb="2"/><line nr="28" mi="0" ci="3" mb="0" cb="0"/><line nr="31" mi="0" ci="4" mb="0" cb="0"/><line nr="32" mi="0" ci="10" mb="0" cb="2"/><line nr="33" mi="0" ci="11" mb="0" cb="0"/><line nr="34" mi="0" ci="1" mb="0" cb="0"/><line nr="36" mi="0" ci="2" mb="0" cb="0"/><line nr="37" mi="1" ci="0" mb="0" cb="0"/><line nr="38" mi="6" ci="0" mb="0" cb="0"/><line nr="44" mi="0" ci="2" mb="0" cb="2"/><line nr="45" mi="0" ci="2" mb="0" cb="0"/><line nr="48" mi="0" ci="4" mb="0" cb="0"/><line nr="49" mi="0" ci="10" mb="0" cb="2"/><line nr="50" mi="0" ci="11" mb="0" cb="0"/><line nr="51" mi="0" ci="1" mb="0" cb="0"/><line nr="53" mi="0" ci="2" mb="0" cb="0"/><line nr="54" mi="1" ci="0" mb="0" cb="0"/><line nr="55" mi="6" ci="0" mb="0" cb="0"/><line nr="61" mi="0" ci="7" mb="0" cb="0"/><line nr="63" mi="0" ci="10" mb="0" cb="0"/><line nr="64" mi="7" ci="6" mb="3" cb="1"/><line nr="65" mi="0" ci="3" mb="0" cb="0"/><line nr="67" mi="1" ci="0" mb="0" cb="0"/><line nr="68" mi="6" ci="0" mb="0" cb="0"/><line nr="69" mi="0" ci="1" mb="0" cb="0"/><line nr="70" mi="0" ci="1" mb="0" cb="0"/><line nr="74" mi="0" ci="7" mb="0" cb="0"/><line nr="75" mi="0" ci="10" mb="0" cb="0"/><line nr="76" mi="1" ci="0" mb="0" cb="0"/><line nr="77" mi="6" ci="0" mb="0" cb="0"/><line nr="78" mi="0" ci="1" mb="0" cb="0"/><line nr="79" mi="0" ci="1" mb="0" cb="0"/><counter type="INSTRUCTION" missed="35" covered="129"/><counter type="BRANCH" missed="3" covered="9"/><counter type="LINE" missed="8" covered="31"/><counter type="COMPLEXITY" missed="2" covered="12"/><counter type="METHOD" missed="0" covered="8"/><counter type="CLASS" missed="0" covered="1"/></sourcefile><sourcefile name="LOCCalculator.java"><line nr="11" mi="3" ci="0" mb="0" cb="0"/><line nr="13" mi="0" ci="4" mb="0" cb="0"/><line nr="17" mi="0" ci="3" mb="0" cb="0"/><line nr="18" mi="0" ci="8" mb="0" cb="0"/><line nr="19" mi="0" ci="3" mb="0" cb="0"/><line nr="20" mi="1" ci="0" mb="0" cb="0"/><line nr="21" mi="4" ci="0" mb="0" cb="0"/><line nr="22" mi="2" ci="0" mb="0" cb="0"/><line nr="53" mi="0" ci="2" mb="0" cb="0"/><line nr="54" mi="0" ci="2" mb="0" cb="0"/><line nr="55" mi="0" ci="2" mb="0" cb="0"/><line nr="57" mi="0" ci="5" mb="0" cb="2"/><line nr="58" mi="0" ci="3" mb="0" cb="0"/><line nr="59" mi="0" ci="8" mb="0" cb="4"/><line nr="60" mi="0" ci="1" mb="0" cb="0"/><line nr="62" mi="0" ci="2" mb="0" cb="2"/><line nr="63" mi="0" ci="3" mb="0" cb="2"/><line nr="64" mi="0" ci="9" mb="0" cb="0"/><line nr="65" mi="0" ci="2" mb="0" cb="0"/><line nr="66" mi="4" ci="4" mb="3" cb="1"/><line nr="67" mi="1" ci="0" mb="0" cb="0"/><line nr="72" mi="0" ci="3" mb="0" cb="2"/><line nr="73" mi="0" ci="1" mb="0" cb="0"/><line nr="75" mi="0" ci="3" mb="0" cb="2"/><line nr="76" mi="0" ci="3" mb="0" cb="0"/><line nr="79" mi="0" ci="2" mb="0" cb="0"/><line nr="90" mi="0" ci="4" mb="0" cb="0"/><line nr="91" mi="0" ci="2" mb="0" cb="2"/><line nr="92" mi="0" ci="2" mb="0" cb="0"/><line nr="94" mi="0" ci="4" mb="0" cb="0"/><line nr="95" mi="0" ci="6" mb="1" cb="3"/><line nr="96" mi="0" ci="3" mb="0" cb="2"/><line nr="97" mi="0" ci="6" mb="0" cb="0"/><line nr="98" mi="0" ci="4" mb="0" cb="0"/><line nr="99" mi="0" ci="6" mb="0" cb="0"/><line nr="100" mi="0" ci="4" mb="0" cb="0"/><line nr="101" mi="0" ci="1" mb="0" cb="0"/><line nr="102" mi="0" ci="3" mb="0" cb="0"/><line nr="104" mi="0" ci="11" mb="0" cb="2"/><line nr="115" mi="0" ci="4" mb="0" cb="0"/><line nr="116" mi="0" ci="2" mb="0" cb="2"/><line nr="117" mi="0" ci="2" mb="0" cb="0"/><line nr="119" mi="0" ci="7" mb="0" cb="0"/><line nr="120" mi="0" ci="8" mb="1" cb="3"/><line nr="121" mi="0" ci="2" mb="0" cb="0"/><line nr="123" mi="0" ci="3" mb="1" cb="1"/><line nr="125" mi="2" ci="0" mb="0" cb="0"/><line nr="129" mi="0" ci="2" mb="0" cb="0"/><line nr="141" mi="0" ci="2" mb="0" cb="0"/><line nr="142" mi="0" ci="3" mb="0" cb="0"/><line nr="143" mi="0" ci="8" mb="2" cb="2"/><line nr="144" mi="2" ci="0" mb="0" cb="0"/><line nr="146" mi="0" ci="4" mb="0" cb="2"/><line nr="147" mi="0" ci="2" mb="0" cb="0"/><line nr="149" mi="0" ci="4" mb="0" cb="0"/><line nr="150" mi="0" ci="2" mb="0" cb="2"/><line nr="151" mi="0" ci="2" mb="0" cb="0"/><line nr="153" mi="0" ci="3" mb="1" cb="1"/><line nr="154" mi="0" ci="6" mb="0" cb="0"/><line nr="155" mi="0" ci="4" mb="0" cb="0"/><line nr="156" mi="0" ci="2" mb="0" cb="2"/><line nr="157" mi="0" ci="2" mb="0" cb="0"/><line nr="159" mi="0" ci="6" mb="1" cb="1"/><line nr="160" mi="0" ci="2" mb="0" cb="0"/><line nr="162" mi="5" ci="0" mb="0" cb="0"/><line nr="163" mi="2" ci="0" mb="0" cb="0"/><line nr="164" mi="8" ci="0" mb="4" cb="0"/><line nr="165" mi="2" ci="0" mb="0" cb="0"/><line nr="167" mi="4" ci="0" mb="2" cb="0"/><line nr="168" mi="2" ci="0" mb="0" cb="0"/><line nr="169" mi="1" ci="0" mb="0" cb="0"/><line nr="171" mi="2" ci="0" mb="0" cb="0"/><line nr="177" mi="2" ci="0" mb="0" cb="0"/><counter type="INSTRUCTION" missed="47" covered="211"/><counter type="BRANCH" missed="16" covered="40"/><counter type="LINE" missed="16" covered="57"/><counter type="COMPLEXITY" missed="13" covered="22"/><counter type="METHOD" missed="1" covered="6"/><counter type="CLASS" missed="0" covered="1"/></sourcefile><sourcefile name="JDTUtils.java"><line nr="10" mi="3" ci="0" mb="0" cb="0"/><line nr="22" mi="0" ci="4" mb="0" cb="2"/><line nr="23" mi="0" ci="6" mb="0" cb="0"/><line nr="24" mi="0" ci="4" mb="0" cb="0"/><line nr="28" mi="0" ci="4" mb="1" cb="1"/><line nr="29" mi="0" ci="6" mb="0" cb="0"/><line nr="30" mi="4" ci="0" mb="0" cb="0"/><line nr="35" mi="0" ci="3" mb="0" cb="0"/><line nr="36" mi="0" ci="5" mb="0" cb="0"/><line nr="40" mi="0" ci="3" mb="0" cb="2"/><line nr="41" mi="0" ci="4" mb="0" cb="0"/><line nr="43" mi="0" ci="4" mb="0" cb="0"/><line nr="44" mi="0" ci="5" mb="0" cb="0"/><line nr="49" mi="0" ci="3" mb="0" cb="0"/><line nr="50" mi="0" ci="3" mb="1" cb="1"/><line nr="51" mi="0" ci="7" mb="0" cb="0"/><line nr="53" mi="0" ci="5" mb="0" cb="0"/><line nr="58" mi="0" ci="3" mb="0" cb="2"/><line nr="59" mi="0" ci="4" mb="0" cb="0"/><line nr="61" mi="0" ci="4" mb="0" cb="0"/><line nr="62" mi="0" ci="5" mb="0" cb="0"/><line nr="67" mi="0" ci="3" mb="0" cb="0"/><line nr="68" mi="0" ci="2" mb="0" cb="2"/><line nr="69" mi="0" ci="3" mb="0" cb="0"/><line nr="71" mi="0" ci="10" mb="0" cb="0"/><line nr="77" mi="0" ci="3" mb="0" cb="0"/><line nr="78" mi="0" ci="2" mb="0" cb="2"/><line nr="79" mi="0" ci="3" mb="0" cb="0"/><line nr="80" mi="0" ci="3" mb="1" cb="1"/><line nr="81" mi="10" ci="0" mb="0" cb="0"/><line nr="83" mi="0" ci="10" mb="0" cb="0"/><line nr="88" mi="2" ci="7" mb="1" cb="1"/><line nr="89" mi="0" ci="4" mb="0" cb="0"/><line nr="91" mi="0" ci="2" mb="0" cb="2"/><line nr="92" mi="0" ci="17" mb="0" cb="2"/><line nr="94" mi="0" ci="3" mb="0" cb="0"/><line nr="96" mi="0" ci="4" mb="0" cb="0"/><line nr="99" mi="0" ci="3" mb="0" cb="0"/><line nr="104" mi="2" ci="7" mb="1" cb="1"/><line nr="105" mi="0" ci="4" mb="0" cb="0"/><line nr="107" mi="0" ci="2" mb="0" cb="2"/><line nr="108" mi="0" ci="10" mb="0" cb="2"/><line nr="109" mi="0" ci="3" mb="0" cb="0"/><line nr="111" mi="0" ci="4" mb="0" cb="0"/><line nr="114" mi="0" ci="5" mb="0" cb="4"/><line nr="115" mi="0" ci="5" mb="0" cb="0"/><line nr="117" mi="0" ci="3" mb="0" cb="0"/><line nr="119" mi="3" ci="3" mb="1" cb="1"/><line nr="121" mi="0" ci="4" mb="0" cb="0"/><line nr="122" mi="0" ci="1" mb="0" cb="0"/><line nr="125" mi="0" ci="3" mb="0" cb="0"/><line nr="130" mi="1" ci="6" mb="1" cb="1"/><line nr="131" mi="0" ci="11" mb="0" cb="0"/><line nr="132" mi="0" ci="3" mb="0" cb="0"/><line nr="136" mi="0" ci="3" mb="0" cb="0"/><line nr="137" mi="0" ci="8" mb="0" cb="0"/><line nr="138" mi="0" ci="4" mb="0" cb="0"/><line nr="139" mi="0" ci="8" mb="0" cb="2"/><line nr="140" mi="0" ci="10" mb="0" cb="2"/><line nr="141" mi="0" ci="6" mb="0" cb="2"/><line nr="148" mi="0" ci="2" mb="1" cb="1"/><line nr="149" mi="0" ci="12" mb="0" cb="0"/><line nr="150" mi="2" ci="0" mb="0" cb="0"/><counter type="INSTRUCTION" missed="27" covered="288"/><counter type="BRANCH" missed="8" covered="36"/><counter type="LINE" missed="4" covered="59"/><counter type="COMPLEXITY" missed="9" covered="29"/><counter type="METHOD" missed="1" covered="15"/><counter type="CLASS" missed="0" covered="1"/></sourcefile><sourcefile name="DependencySorter.java"><line nr="12" mi="0" ci="3" mb="0" cb="0"/><line nr="16" mi="0" ci="4" mb="0" cb="0"/><line nr="19" mi="0" ci="4" mb="0" cb="0"/><line nr="23" mi="0" ci="4" mb="0" cb="0"/><line nr="26" mi="0" ci="8" mb="0" cb="2"/><line nr="27" mi="0" ci="4" mb="0" cb="2"/><line nr="28" mi="0" ci="6" mb="0" cb="0"/><line nr="30" mi="0" ci="15" mb="0" cb="0"/><line nr="35" mi="0" ci="4" mb="0" cb="0"/><line nr="38" mi="0" ci="9" mb="0" cb="0"/><line nr="39" mi="0" ci="9" mb="0" cb="0"/><line nr="40" mi="0" ci="14" mb="0" cb="2"/><line nr="41" mi="0" ci="8" mb="0" cb="0"/><line nr="45" mi="0" ci="5" mb="0" cb="0"/><line nr="46" mi="0" ci="1" mb="0" cb="0"/><line nr="50" mi="0" ci="6" mb="0" cb="0"/><line nr="53" mi="0" ci="6" mb="0" cb="0"/><line nr="55" mi="0" ci="14" mb="0" cb="2"/><line nr="57" mi="0" ci="15" mb="0" cb="0"/><line nr="61" mi="0" ci="11" mb="0" cb="0"/><line nr="62" mi="0" ci="11" mb="0" cb="0"/><line nr="63" mi="0" ci="11" mb="0" cb="2"/><line nr="64" mi="0" ci="14" mb="0" cb="0"/><line nr="66" mi="0" ci="2" mb="0" cb="0"/><counter type="INSTRUCTION" missed="0" covered="188"/><counter type="BRANCH" missed="0" covered="10"/><counter type="LINE" missed="0" covered="24"/><counter type="COMPLEXITY" missed="0" covered="19"/><counter type="METHOD" missed="0" covered="14"/><counter type="CLASS" missed="0" covered="1"/></sourcefile><counter type="INSTRUCTION" missed="137" covered="1367"/><counter type="BRANCH" missed="28" covered="120"/><counter type="LINE" missed="38" covered="295"/><counter type="COMPLEXITY" missed="28" covered="118"/><counter type="METHOD" missed="5" covered="67"/><counter type="CLASS" missed="0" covered="7"/></package><package name="com/github/mauricioaniche/ck/metric"><class name="com/github/mauricioaniche/ck/metric/DIT" sourcefilename="DIT.java"><method name="&lt;init&gt;" desc="()V" line="7"><counter type="INSTRUCTION" missed="0" covered="6"/><counter type="LINE" missed="0" covered="2"/><counter type="COMPLEXITY" missed="0" covered="1"/><counter type="METHOD" missed="0" covered="1"/></method><method name="visit" desc="(Lorg/eclipse/jdt/core/dom/TypeDeclaration;)V" line="13"><counter type="INSTRUCTION" missed="0" covered="9"/><counter type="BRANCH" missed="1" covered="1"/><counter type="LINE" missed="0" covered="3"/><counter type="COMPLEXITY" missed="1" covered="1"/><counter type="METHOD" missed="0" covered="1"/></method><method name="calculate" desc="(Lorg/eclipse/jdt/core/dom/ITypeBinding;)V" line="19"><counter type="INSTRUCTION" missed="0" covered="23"/><counter type="BRANCH" missed="0" covered="4"/><counter type="LINE" missed="0" covered="7"/><counter type="COMPLEXITY" missed="0" covered="3"/><counter type="METHOD" missed="0" covered="1"/></method><method name="setResult" desc="(Lcom/github/mauricioaniche/ck/CKClassResult;)V" line="32"><counter type="INSTRUCTION" missed="0" covered="5"/><counter type="LINE" missed="0" covered="2"/><counter type="COMPLEXITY" missed="0" covered="1"/><counter type="METHOD" missed="0" covered="1"/></method><counter type="INSTRUCTION" missed="0" covered="43"/><counter type="BRANCH" missed="1" covered="5"/><counter type="LINE" missed="0" covered="14"/><counter type="COMPLEXITY" missed="1" covered="6"/><counter type="METHOD" missed="0" covered="4"/><counter type="CLASS" missed="0" covered="1"/></class><class name="com/github/mauricioaniche/ck/metric/Coupling" sourcefilename="Coupling.java"><method name="&lt;init&gt;" desc="()V" line="20"><counter type="INSTRUCTION" missed="0" covered="6"/><counter type="LINE" missed="0" covered="3"/><counter type="COMPLEXITY" missed="0" covered="1"/><counter type="METHOD" missed="0" covered="1"/></method><method name="visit" desc="(Lorg/eclipse/jdt/core/dom/VariableDeclarationStatement;)V" line="26"><counter type="INSTRUCTION" missed="0" covered="8"/><counter type="BRANCH" missed="0" covered="2"/><counter type="LINE" missed="0" covered="3"/><counter type="COMPLEXITY" missed="0" covered="2"/><counter type="METHOD" missed="0" covered="1"/></method><method name="visit" desc="(Lorg/eclipse/jdt/core/dom/ClassInstanceCreation;)V" line="33"><counter type="INSTRUCTION" missed="0" covered="18"/><counter type="BRANCH" missed="1" covered="3"/><counter type="LINE" missed="0" covered="6"/><counter type="COMPLEXITY" missed="1" covered="2"/><counter type="METHOD" missed="0" covered="1"/></method><method name="visit" desc="(Lorg/eclipse/jdt/core/dom/ArrayCreation;)V" line="43"><counter type="INSTRUCTION" missed="0" covered="8"/><counter type="BRANCH" missed="0" covered="2"/><counter type="LINE" missed="0" covered="3"/><counter type="COMPLEXITY" missed="0" covered="2"/><counter type="METHOD" missed="0" covered="1"/></method><method name="visit" desc="(Lorg/eclipse/jdt/core/dom/FieldDeclaration;)V" line="50"><counter type="INSTRUCTION" missed="0" covered="8"/><counter type="BRANCH" missed="1" covered="1"/><counter type="LINE" missed="0" covered="3"/><counter type="COMPLEXITY" missed="1" covered="1"/><counter type="METHOD" missed="0" covered="1"/></method><method name="visit" desc="(Lorg/eclipse/jdt/core/dom/ReturnStatement;)V" line="56"><counter type="INSTRUCTION" missed="0" covered="12"/><counter type="BRANCH" missed="0" covered="4"/><counter type="LINE" missed="0" covered="4"/><counter type="COMPLEXITY" missed="0" covered="3"/><counter type="METHOD" missed="0" covered="1"/></method><method name="visit" desc="(Lorg/eclipse/jdt/core/dom/TypeLiteral;)V" line="65"><counter type="INSTRUCTION" missed="0" covered="8"/><counter type="BRANCH" missed="0" covered="2"/><counter type="LINE" missed="0" covered="3"/><counter type="COMPLEXITY" missed="0" covered="2"/><counter type="METHOD" missed="0" covered="1"/></method><method name="visit" desc="(Lorg/eclipse/jdt/core/dom/ThrowStatement;)V" line="71"><counter type="INSTRUCTION" missed="0" covered="12"/><counter type="BRANCH" missed="1" covered="3"/><counter type="LINE" missed="0" covered="4"/><counter type="COMPLEXITY" missed="1" covered="2"/><counter type="METHOD" missed="0" covered="1"/></method><method name="visit" desc="(Lorg/eclipse/jdt/core/dom/TypeDeclaration;)V" line="78"><counter type="INSTRUCTION" missed="11" covered="38"/><counter type="BRANCH" missed="1" covered="7"/><counter type="LINE" missed="3" covered="10"/><counter type="COMPLEXITY" missed="1" covered="4"/><counter type="METHOD" missed="0" covered="1"/></method><method name="visit" desc="(Lorg/eclipse/jdt/core/dom/MethodDeclaration;)V" line="99"><counter type="INSTRUCTION" missed="0" covered="45"/><counter type="BRANCH" missed="0" covered="6"/><counter type="LINE" missed="0" covered="10"/><counter type="COMPLEXITY" missed="0" covered="4"/><counter type="METHOD" missed="0" covered="1"/></method><method name="visit" desc="(Lorg/eclipse/jdt/core/dom/CastExpression;)V" line="119"><counter type="INSTRUCTION" missed="0" covered="8"/><counter type="BRANCH" missed="0" covered="2"/><counter type="LINE" missed="0" covered="3"/><counter type="COMPLEXITY" missed="0" covered="2"/><counter type="METHOD" missed="0" covered="1"/></method><method name="visit" desc="(Lorg/eclipse/jdt/core/dom/InstanceofExpression;)V" line="127"><counter type="INSTRUCTION" missed="0" covered="13"/><counter type="BRANCH" missed="0" covered="2"/><counter type="LINE" missed="0" covered="4"/><counter type="COMPLEXITY" missed="0" covered="2"/><counter type="METHOD" missed="0" covered="1"/></method><method name="visit" desc="(Lorg/eclipse/jdt/core/dom/MethodInvocation;)V" line="137"><counter type="INSTRUCTION" missed="0" covered="20"/><counter type="BRANCH" missed="1" covered="5"/><counter type="LINE" missed="0" covered="7"/><counter type="COMPLEXITY" missed="1" covered="3"/><counter type="METHOD" missed="0" covered="1"/></method><method name="visit" desc="(Lorg/eclipse/jdt/core/dom/NormalAnnotation;)V" line="149"><counter type="INSTRUCTION" missed="0" covered="7"/><counter type="BRANCH" missed="0" covered="2"/><counter type="LINE" missed="0" covered="3"/><counter type="COMPLEXITY" missed="0" covered="2"/><counter type="METHOD" missed="0" covered="1"/></method><method name="visit" desc="(Lorg/eclipse/jdt/core/dom/MarkerAnnotation;)V" line="155"><counter type="INSTRUCTION" missed="0" covered="7"/><counter type="BRANCH" missed="0" covered="2"/><counter type="LINE" missed="0" covered="3"/><counter type="COMPLEXITY" missed="0" covered="2"/><counter type="METHOD" missed="0" covered="1"/></method><method name="visit" desc="(Lorg/eclipse/jdt/core/dom/SingleMemberAnnotation;)V" line="161"><counter type="INSTRUCTION" missed="0" covered="7"/><counter type="BRANCH" missed="0" covered="2"/><counter type="LINE" missed="0" covered="3"/><counter type="COMPLEXITY" missed="0" covered="2"/><counter type="METHOD" missed="0" covered="1"/></method><method name="visit" desc="(Lorg/eclipse/jdt/core/dom/ParameterizedType;)V" line="167"><counter type="INSTRUCTION" missed="1" covered="38"/><counter type="BRANCH" missed="0" covered="6"/><counter type="LINE" missed="1" covered="9"/><counter type="COMPLEXITY" missed="0" covered="4"/><counter type="METHOD" missed="0" covered="1"/></method><method name="coupleTo" desc="(Lorg/eclipse/jdt/core/dom/Annotation;)V" line="188"><counter type="INSTRUCTION" missed="0" covered="18"/><counter type="BRANCH" missed="1" covered="3"/><counter type="LINE" missed="0" covered="6"/><counter type="COMPLEXITY" missed="1" covered="2"/><counter type="METHOD" missed="0" covered="1"/></method><method name="coupleTo" desc="(Lorg/eclipse/jdt/core/dom/Type;)V" line="199"><counter type="INSTRUCTION" missed="49" covered="65"/><counter type="BRANCH" missed="6" covered="16"/><counter type="LINE" missed="16" covered="24"/><counter type="COMPLEXITY" missed="6" covered="6"/><counter type="METHOD" missed="0" covered="1"/></method><method name="coupleTo" desc="(Lorg/eclipse/jdt/core/dom/SimpleName;)V" line="246"><counter type="INSTRUCTION" missed="8" covered="0"/><counter type="BRANCH" missed="2" covered="0"/><counter type="LINE" missed="3" covered="0"/><counter type="COMPLEXITY" missed="2" covered="0"/><counter type="METHOD" missed="1" covered="0"/></method><method name="coupleTo" desc="(Lorg/eclipse/jdt/core/dom/ITypeBinding;)V" line="253"><counter type="INSTRUCTION" missed="1" covered="37"/><counter type="BRANCH" missed="2" covered="12"/><counter type="LINE" missed="1" covered="14"/><counter type="COMPLEXITY" missed="2" covered="6"/><counter type="METHOD" missed="0" covered="1"/></method><method name="coupleTo" desc="(Lorg/eclipse/jdt/core/dom/IMethodBinding;)V" line="276"><counter type="INSTRUCTION" missed="1" covered="19"/><counter type="BRANCH" missed="1" covered="5"/><counter type="LINE" missed="1" covered="8"/><counter type="COMPLEXITY" missed="1" covered="3"/><counter type="METHOD" missed="0" covered="1"/></method><method name="cleanClassName" desc="(Ljava/lang/String;)Ljava/lang/String;" line="293"><counter type="INSTRUCTION" missed="0" covered="21"/><counter type="BRANCH" missed="0" covered="2"/><counter type="LINE" missed="0" covered="4"/><counter type="COMPLEXITY" missed="0" covered="2"/><counter type="METHOD" missed="0" covered="1"/></method><method name="isFromJava" desc="(Ljava/lang/String;)Z" line="303"><counter type="INSTRUCTION" missed="0" covered="12"/><counter type="BRANCH" missed="0" covered="4"/><counter type="LINE" missed="0" covered="1"/><counter type="COMPLEXITY" missed="0" covered="3"/><counter type="METHOD" missed="0" covered="1"/></method><method name="addToSet" desc="(Ljava/lang/String;)V" line="307"><counter type="INSTRUCTION" missed="0" covered="29"/><counter type="BRANCH" missed="0" covered="2"/><counter type="LINE" missed="0" covered="6"/><counter type="COMPLEXITY" missed="0" covered="2"/><counter type="METHOD" missed="0" covered="1"/></method><method name="setResult" desc="(Lcom/github/mauricioaniche/ck/CKClassResult;)V" line="319"><counter type="INSTRUCTION" missed="0" covered="1"/><counter type="LINE" missed="0" covered="1"/><counter type="COMPLEXITY" missed="0" covered="1"/><counter type="METHOD" missed="0" covered="1"/></method><method name="setResult" desc="(Lcom/github/mauricioaniche/ck/CKMethodResult;)V" line="324"><counter type="INSTRUCTION" missed="0" covered="1"/><counter type="LINE" missed="0" covered="1"/><counter type="COMPLEXITY" missed="0" covered="1"/><counter type="METHOD" missed="0" covered="1"/></method><method name="setClassName" desc="(Ljava/lang/String;)V" line="328"><counter type="INSTRUCTION" missed="0" covered="4"/><counter type="LINE" missed="0" covered="2"/><counter type="COMPLEXITY" missed="0" covered="1"/><counter type="METHOD" missed="0" covered="1"/></method><method name="setMethodName" desc="(Ljava/lang/String;)V" line="333"><counter type="INSTRUCTION" missed="0" covered="4"/><counter type="LINE" missed="0" covered="2"/><counter type="COMPLEXITY" missed="0" covered="1"/><counter type="METHOD" missed="0" covered="1"/></method><method name="lambda$coupleTo$3" desc="(Lorg/eclipse/jdt/core/dom/Type;)V" line="239"><counter type="INSTRUCTION" missed="4" covered="0"/><counter type="LINE" missed="1" covered="0"/><counter type="COMPLEXITY" missed="1" covered="0"/><counter type="METHOD" missed="1" covered="0"/></method><method name="lambda$coupleTo$2" desc="(Lorg/eclipse/jdt/core/dom/Type;)V" line="234"><counter type="INSTRUCTION" missed="4" covered="0"/><counter type="LINE" missed="1" covered="0"/><counter type="COMPLEXITY" missed="1" covered="0"/><counter type="METHOD" missed="1" covered="0"/></method><method name="lambda$visit$1" desc="(Lorg/eclipse/jdt/core/dom/TypeParameter;)V" line="111"><counter type="INSTRUCTION" missed="5" covered="0"/><counter type="LINE" missed="1" covered="0"/><counter type="COMPLEXITY" missed="1" covered="0"/><counter type="METHOD" missed="1" covered="0"/></method><method name="lambda$visit$0" desc="(Lorg/eclipse/jdt/core/dom/Type;)V" line="92"><counter type="INSTRUCTION" missed="4" covered="0"/><counter type="LINE" missed="1" covered="0"/><counter type="COMPLEXITY" missed="1" covered="0"/><counter type="METHOD" missed="1" covered="0"/></method><counter type="INSTRUCTION" missed="88" covered="474"/><counter type="BRANCH" missed="17" covered="95"/><counter type="LINE" missed="25" covered="150"/><counter type="COMPLEXITY" missed="21" covered="68"/><counter type="METHOD" missed="5" covered="28"/><counter type="CLASS" missed="0" covered="1"/></class><class name="com/github/mauricioaniche/ck/metric/RunAfter" sourcefilename="RunAfter.java"/><class name="com/github/mauricioaniche/ck/metric/NumberOfReturns" sourcefilename="NumberOfReturns.java"><method name="&lt;init&gt;" desc="()V" line="7"><counter type="INSTRUCTION" missed="0" covered="6"/><counter type="LINE" missed="0" covered="2"/><counter type="COMPLEXITY" missed="0" covered="1"/><counter type="METHOD" missed="0" covered="1"/></method><method name="setResult" desc="(Lcom/github/mauricioaniche/ck/CKMethodResult;)V" line="12"><counter type="INSTRUCTION" missed="0" covered="5"/><counter type="LINE" missed="0" covered="2"/><counter type="COMPLEXITY" missed="0" covered="1"/><counter type="METHOD" missed="0" covered="1"/></method><method name="visit" desc="(Lorg/eclipse/jdt/core/dom/ReturnStatement;)V" line="17"><counter type="INSTRUCTION" missed="0" covered="7"/><counter type="LINE" missed="0" covered="2"/><counter type="COMPLEXITY" missed="0" covered="1"/><counter type="METHOD" missed="0" covered="1"/></method><method name="setResult" desc="(Lcom/github/mauricioaniche/ck/CKClassResult;)V" line="22"><counter type="INSTRUCTION" missed="0" covered="5"/><counter type="LINE" missed="0" covered="2"/><counter type="COMPLEXITY" missed="0" covered="1"/><counter type="METHOD" missed="0" covered="1"/></method><counter type="INSTRUCTION" missed="0" covered="23"/><counter type="LINE" missed="0" covered="8"/><counter type="COMPLEXITY" missed="0" covered="4"/><counter type="METHOD" missed="0" covered="4"/><counter type="CLASS" missed="0" covered="1"/></class><class name="com/github/mauricioaniche/ck/metric/WMC$1" sourcefilename="WMC.java"><method name="&lt;init&gt;" desc="(Lcom/github/mauricioaniche/ck/metric/WMC;)V" line="76"><counter type="INSTRUCTION" missed="0" covered="30"/><counter type="LINE" missed="0" covered="7"/><counter type="COMPLEXITY" missed="0" covered="1"/><counter type="METHOD" missed="0" covered="1"/></method><counter type="INSTRUCTION" missed="0" covered="30"/><counter type="LINE" missed="0" covered="7"/><counter type="COMPLEXITY" missed="0" covered="1"/><counter type="METHOD" missed="0" covered="1"/><counter type="CLASS" missed="0" covered="1"/></class><class name="com/github/mauricioaniche/ck/metric/NumberOfMathOperators" sourcefilename="NumberOfMathOperators.java"><method name="&lt;init&gt;" desc="()V" line="9"><counter type="INSTRUCTION" missed="0" covered="6"/><counter type="LINE" missed="0" covered="3"/><counter type="COMPLEXITY" missed="0" covered="1"/><counter type="METHOD" missed="0" covered="1"/></method><method name="visit" desc="(Lorg/eclipse/jdt/core/dom/InfixExpression;)V" line="23"><counter type="INSTRUCTION" missed="0" covered="17"/><counter type="BRANCH" missed="0" covered="2"/><counter type="LINE" missed="0" covered="3"/><counter type="COMPLEXITY" missed="0" covered="2"/><counter type="METHOD" missed="0" covered="1"/></method><method name="setResult" desc="(Lcom/github/mauricioaniche/ck/CKMethodResult;)V" line="30"><counter type="INSTRUCTION" missed="0" covered="5"/><counter type="LINE" missed="0" covered="2"/><counter type="COMPLEXITY" missed="0" covered="1"/><counter type="METHOD" missed="0" covered="1"/></method><method name="setResult" desc="(Lcom/github/mauricioaniche/ck/CKClassResult;)V" line="35"><counter type="INSTRUCTION" missed="0" covered="5"/><counter type="LINE" missed="0" covered="2"/><counter type="COMPLEXITY" missed="0" covered="1"/><counter type="METHOD" missed="0" covered="1"/></method><method name="&lt;clinit&gt;" desc="()V" line="13"><counter type="INSTRUCTION" missed="0" covered="36"/><counter type="LINE" missed="0" covered="1"/><counter type="COMPLEXITY" missed="0" covered="1"/><counter type="METHOD" missed="0" covered="1"/></method><counter type="INSTRUCTION" missed="0" covered="69"/><counter type="BRANCH" missed="0" covered="2"/><counter type="LINE" missed="0" covered="10"/><counter type="COMPLEXITY" missed="0" covered="6"/><counter type="METHOD" missed="0" covered="5"/><counter type="CLASS" missed="0" covered="1"/></class><class name="com/github/mauricioaniche/ck/metric/NOCExtras" sourcefilename="NOCExtras.java"><method name="&lt;init&gt;" desc="()V" line="11"><counter type="INSTRUCTION" missed="0" covered="8"/><counter type="LINE" missed="0" covered="3"/><counter type="COMPLEXITY" missed="0" covered="1"/><counter type="METHOD" missed="0" covered="1"/></method><method name="resetInstance" desc="()V" line="21"><counter type="INSTRUCTION" missed="0" covered="3"/><counter type="LINE" missed="0" covered="2"/><counter type="COMPLEXITY" missed="0" covered="1"/><counter type="METHOD" missed="0" covered="1"/></method><method name="plusOne" desc="(Ljava/lang/String;)V" line="25"><counter type="INSTRUCTION" missed="0" covered="32"/><counter type="BRANCH" missed="0" covered="4"/><counter type="LINE" missed="0" covered="6"/><counter type="COMPLEXITY" missed="0" covered="3"/><counter type="METHOD" missed="0" covered="1"/></method><method name="getNocValueByName" desc="(Ljava/lang/String;)Ljava/lang/Integer;" line="35"><counter type="INSTRUCTION" missed="0" covered="14"/><counter type="BRANCH" missed="0" covered="2"/><counter type="LINE" missed="0" covered="3"/><counter type="COMPLEXITY" missed="0" covered="2"/><counter type="METHOD" missed="0" covered="1"/></method><method name="getInstance" desc="()Lcom/github/mauricioaniche/ck/metric/NOCExtras;" line="41"><counter type="INSTRUCTION" missed="0" covered="8"/><counter type="BRANCH" missed="0" covered="2"/><counter type="LINE" missed="0" covered="3"/><counter type="COMPLEXITY" missed="0" covered="2"/><counter type="METHOD" missed="0" covered="1"/></method><counter type="INSTRUCTION" missed="0" covered="65"/><counter type="BRANCH" missed="0" covered="8"/><counter type="LINE" missed="0" covered="17"/><counter type="COMPLEXITY" missed="0" covered="9"/><counter type="METHOD" missed="0" covered="5"/><counter type="CLASS" missed="0" covered="1"/></class><class name="com/github/mauricioaniche/ck/metric/RFC" sourcefilename="RFC.java"><method name="&lt;init&gt;" desc="()V" line="9"><counter type="INSTRUCTION" missed="0" covered="8"/><counter type="LINE" missed="0" covered="2"/><counter type="COMPLEXITY" missed="0" covered="1"/><counter type="METHOD" missed="0" covered="1"/></method><method name="visit" desc="(Lorg/eclipse/jdt/core/dom/MethodInvocation;)V" line="13"><counter type="INSTRUCTION" missed="0" covered="9"/><counter type="LINE" missed="0" covered="3"/><counter type="COMPLEXITY" missed="0" covered="1"/><counter type="METHOD" missed="0" covered="1"/></method><method name="visit" desc="(Lorg/eclipse/jdt/core/dom/SuperMethodInvocation;)V" line="18"><counter type="INSTRUCTION" missed="0" covered="9"/><counter type="LINE" missed="0" covered="3"/><counter type="COMPLEXITY" missed="0" covered="1"/><counter type="METHOD" missed="0" covered="1"/></method><method name="setResult" desc="(Lcom/github/mauricioaniche/ck/CKClassResult;)V" line="24"><counter type="INSTRUCTION" missed="0" covered="6"/><counter type="LINE" missed="0" covered="2"/><counter type="COMPLEXITY" missed="0" covered="1"/><counter type="METHOD" missed="0" covered="1"/></method><method name="setResult" desc="(Lcom/github/mauricioaniche/ck/CKMethodResult;)V" line="29"><counter type="INSTRUCTION" missed="0" covered="10"/><counter type="LINE" missed="0" covered="3"/><counter type="COMPLEXITY" missed="0" covered="1"/><counter type="METHOD" missed="0" covered="1"/></method><counter type="INSTRUCTION" missed="0" covered="42"/><counter type="LINE" missed="0" covered="13"/><counter type="COMPLEXITY" missed="0" covered="5"/><counter type="METHOD" missed="0" covered="5"/><counter type="CLASS" missed="0" covered="1"/></class><class name="com/github/mauricioaniche/ck/metric/ClassLevelWordCounter" sourcefilename="ClassLevelWordCounter.java"><method name="&lt;init&gt;" desc="()V" line="11"><counter type="INSTRUCTION" missed="0" covered="3"/><counter type="LINE" missed="0" covered="1"/><counter type="COMPLEXITY" missed="0" covered="1"/><counter type="METHOD" missed="0" covered="1"/></method><method name="visit" desc="(Lorg/eclipse/jdt/core/dom/TypeDeclaration;)V" line="17"><counter type="INSTRUCTION" missed="0" covered="7"/><counter type="LINE" missed="0" covered="3"/><counter type="COMPLEXITY" missed="0" covered="1"/><counter type="METHOD" missed="0" covered="1"/></method><method name="visit" desc="(Lorg/eclipse/jdt/core/dom/AnonymousClassDeclaration;)V" line="23"><counter type="INSTRUCTION" missed="0" covered="5"/><counter type="LINE" missed="0" covered="2"/><counter type="COMPLEXITY" missed="0" covered="1"/><counter type="METHOD" missed="0" covered="1"/></method><method name="visit" desc="(Lorg/eclipse/jdt/core/dom/EnumDeclaration;)V" line="28"><counter type="INSTRUCTION" missed="0" covered="5"/><counter type="LINE" missed="0" covered="2"/><counter type="COMPLEXITY" missed="0" covered="1"/><counter type="METHOD" missed="0" covered="1"/></method><method name="setOrRemoveSourceCode" desc="(Ljava/lang/String;)V" line="33"><counter type="INSTRUCTION" missed="0" covered="20"/><counter type="BRANCH" missed="0" covered="2"/><counter type="LINE" missed="0" covered="5"/><counter type="COMPLEXITY" missed="0" covered="2"/><counter type="METHOD" missed="0" covered="1"/></method><method name="setResult" desc="(Lcom/github/mauricioaniche/ck/CKClassResult;)V" line="44"><counter type="INSTRUCTION" missed="0" covered="9"/><counter type="LINE" missed="0" covered="3"/><counter type="COMPLEXITY" missed="0" covered="1"/><counter type="METHOD" missed="0" covered="1"/></method><counter type="INSTRUCTION" missed="0" covered="49"/><counter type="BRANCH" missed="0" covered="2"/><counter type="LINE" missed="0" covered="16"/><counter type="COMPLEXITY" missed="0" covered="7"/><counter type="METHOD" missed="0" covered="6"/><counter type="CLASS" missed="0" covered="1"/></class><class name="com/github/mauricioaniche/ck/metric/VariableOrParameterUsageCount" sourcefilename="VariableOrParameterUsageCount.java"><method name="&lt;init&gt;" desc="()V" line="17"><counter type="INSTRUCTION" missed="0" covered="13"/><counter type="LINE" missed="0" covered="4"/><counter type="COMPLEXITY" missed="0" covered="1"/><counter type="METHOD" missed="0" covered="1"/></method><method name="setResult" desc="(Lcom/github/mauricioaniche/ck/CKMethodResult;)V" line="24"><counter type="INSTRUCTION" missed="0" covered="5"/><counter type="LINE" missed="0" covered="2"/><counter type="COMPLEXITY" missed="0" covered="1"/><counter type="METHOD" missed="0" covered="1"/></method><method name="visit" desc="(Lorg/eclipse/jdt/core/dom/VariableDeclarationFragment;)V" line="28"><counter type="INSTRUCTION" missed="0" covered="8"/><counter type="LINE" missed="0" covered="2"/><counter type="COMPLEXITY" missed="0" covered="1"/><counter type="METHOD" missed="0" covered="1"/></method><method name="visit" desc="(Lorg/eclipse/jdt/core/dom/SingleVariableDeclaration;)V" line="33"><counter type="INSTRUCTION" missed="0" covered="8"/><counter type="LINE" missed="0" covered="2"/><counter type="COMPLEXITY" missed="0" covered="1"/><counter type="METHOD" missed="0" covered="1"/></method><method name="visit" desc="(Lorg/eclipse/jdt/core/dom/SimpleName;)V" line="37"><counter type="INSTRUCTION" missed="0" covered="36"/><counter type="BRANCH" missed="0" covered="4"/><counter type="LINE" missed="0" covered="6"/><counter type="COMPLEXITY" missed="0" covered="3"/><counter type="METHOD" missed="0" covered="1"/></method><counter type="INSTRUCTION" missed="0" covered="70"/><counter type="BRANCH" missed="0" covered="4"/><counter type="LINE" missed="0" covered="16"/><counter type="COMPLEXITY" missed="0" covered="7"/><counter type="METHOD" missed="0" covered="5"/><counter type="CLASS" missed="0" covered="1"/></class><class name="com/github/mauricioaniche/ck/metric/NumberOfMethods" sourcefilename="NumberOfMethods.java"><method name="&lt;init&gt;" desc="()V" line="7"><counter type="INSTRUCTION" missed="0" covered="3"/><counter type="LINE" missed="0" covered="1"/><counter type="COMPLEXITY" missed="0" covered="1"/><counter type="METHOD" missed="0" covered="1"/></method><method name="visit" desc="(Lorg/eclipse/jdt/core/dom/MethodDeclaration;)V" line="21"><counter type="INSTRUCTION" missed="0" covered="100"/><counter type="BRANCH" missed="0" covered="14"/><counter type="LINE" missed="0" covered="24"/><counter type="COMPLEXITY" missed="0" covered="8"/><counter type="METHOD" missed="0" covered="1"/></method><method name="setResult" desc="(Lcom/github/mauricioaniche/ck/CKClassResult;)V" line="59"><counter type="INSTRUCTION" missed="0" covered="37"/><counter type="LINE" missed="0" covered="10"/><counter type="COMPLEXITY" missed="0" covered="1"/><counter type="METHOD" missed="0" covered="1"/></method><counter type="INSTRUCTION" missed="0" covered="140"/><counter type="BRANCH" missed="0" covered="14"/><counter type="LINE" missed="0" covered="35"/><counter type="COMPLEXITY" missed="0" covered="10"/><counter type="METHOD" missed="0" covered="3"/><counter type="CLASS" missed="0" covered="1"/></class><class name="com/github/mauricioaniche/ck/metric/NOSI" sourcefilename="NOSI.java"><method name="&lt;init&gt;" desc="()V" line="8"><counter type="INSTRUCTION" missed="0" covered="6"/><counter type="LINE" missed="0" covered="2"/><counter type="COMPLEXITY" missed="0" covered="1"/><counter type="METHOD" missed="0" covered="1"/></method><method name="visit" desc="(Lorg/eclipse/jdt/core/dom/MethodInvocation;)V" line="14"><counter type="INSTRUCTION" missed="0" covered="16"/><counter type="BRANCH" missed="0" covered="4"/><counter type="LINE" missed="0" covered="4"/><counter type="COMPLEXITY" missed="0" covered="3"/><counter type="METHOD" missed="0" covered="1"/></method><method name="setResult" desc="(Lcom/github/mauricioaniche/ck/CKClassResult;)V" line="21"><counter type="INSTRUCTION" missed="0" covered="5"/><counter type="LINE" missed="0" covered="2"/><counter type="COMPLEXITY" missed="0" covered="1"/><counter type="METHOD" missed="0" covered="1"/></method><counter type="INSTRUCTION" missed="0" covered="27"/><counter type="BRANCH" missed="0" covered="4"/><counter type="LINE" missed="0" covered="8"/><counter type="COMPLEXITY" missed="0" covered="5"/><counter type="METHOD" missed="0" covered="3"/><counter type="CLASS" missed="0" covered="1"/></class><class name="com/github/mauricioaniche/ck/metric/TightClassCohesion" sourcefilename="TightClassCohesion.java"><method name="&lt;init&gt;" desc="()V" line="16"><counter type="INSTRUCTION" missed="0" covered="8"/><counter type="LINE" missed="0" covered="2"/><counter type="COMPLEXITY" missed="0" covered="1"/><counter type="METHOD" missed="0" covered="1"/></method><method name="getDirectConnections" desc="(Lcom/github/mauricioaniche/ck/CKClassResult;)Ljava/util/Set;" line="23"><counter type="INSTRUCTION" missed="0" covered="111"/><counter type="BRANCH" missed="0" covered="12"/><counter type="LINE" missed="0" covered="20"/><counter type="COMPLEXITY" missed="0" covered="7"/><counter type="METHOD" missed="0" covered="1"/></method><method name="collectAccessedFields" desc="(Lcom/github/mauricioaniche/ck/CKMethodResult;)Ljava/util/Set;" line="50"><counter type="INSTRUCTION" missed="0" covered="33"/><counter type="BRANCH" missed="0" covered="4"/><counter type="LINE" missed="0" covered="8"/><counter type="COMPLEXITY" missed="0" covered="3"/><counter type="METHOD" missed="0" covered="1"/></method><method name="getIndirectConnections" desc="(Lcom/github/mauricioaniche/ck/CKClassResult;Ljava/util/Set;)Ljava/util/Set;" line="67"><counter type="INSTRUCTION" missed="0" covered="115"/><counter type="BRANCH" missed="0" covered="8"/><counter type="LINE" missed="0" covered="21"/><counter type="COMPLEXITY" missed="0" covered="5"/><counter type="METHOD" missed="0" covered="1"/></method><method name="extractConnections" desc="(Ljava/lang/String;Ljava/util/Set;Ljava/util/HashMap;)Ljava/util/Set;" line="99"><counter type="INSTRUCTION" missed="0" covered="41"/><counter type="BRANCH" missed="0" covered="2"/><counter type="LINE" missed="0" covered="9"/><counter type="COMPLEXITY" missed="0" covered="2"/><counter type="METHOD" missed="0" covered="1"/></method><method name="setResult" desc="(Lcom/github/mauricioaniche/ck/CKClassResult;)V" line="116"><counter type="INSTRUCTION" missed="0" covered="50"/><counter type="BRANCH" missed="0" covered="2"/><counter type="LINE" missed="0" covered="9"/><counter type="COMPLEXITY" missed="0" covered="2"/><counter type="METHOD" missed="0" covered="1"/></method><method name="lambda$extractConnections$2" desc="(Ljava/util/Set;Ljava/lang/String;)Z" line="103"><counter type="INSTRUCTION" missed="0" covered="8"/><counter type="BRANCH" missed="0" covered="2"/><counter type="LINE" missed="0" covered="1"/><counter type="COMPLEXITY" missed="0" covered="2"/><counter type="METHOD" missed="0" covered="1"/></method><method name="lambda$getIndirectConnections$1" desc="(Ljava/lang/String;Ljava/lang/String;)Lorg/apache/commons/lang3/tuple/ImmutablePair;" line="87"><counter type="INSTRUCTION" missed="0" covered="6"/><counter type="LINE" missed="0" covered="1"/><counter type="COMPLEXITY" missed="0" covered="1"/><counter type="METHOD" missed="0" covered="1"/></method><method name="lambda$getIndirectConnections$0" desc="(Ljava/lang/String;Ljava/lang/String;)Z" line="86"><counter type="INSTRUCTION" missed="0" covered="8"/><counter type="BRANCH" missed="0" covered="2"/><counter type="LINE" missed="0" covered="1"/><counter type="COMPLEXITY" missed="0" covered="2"/><counter type="METHOD" missed="0" covered="1"/></method><counter type="INSTRUCTION" missed="0" covered="380"/><counter type="BRANCH" missed="0" covered="32"/><counter type="LINE" missed="0" covered="69"/><counter type="COMPLEXITY" missed="0" covered="25"/><counter type="METHOD" missed="0" covered="9"/><counter type="CLASS" missed="0" covered="1"/></class><class name="com/github/mauricioaniche/ck/metric/NumberOfNumbers" sourcefilename="NumberOfNumbers.java"><method name="&lt;init&gt;" desc="()V" line="7"><counter type="INSTRUCTION" missed="0" covered="6"/><counter type="LINE" missed="0" covered="2"/><counter type="COMPLEXITY" missed="0" covered="1"/><counter type="METHOD" missed="0" covered="1"/></method><method name="visit" desc="(Lorg/eclipse/jdt/core/dom/NumberLiteral;)V" line="13"><counter type="INSTRUCTION" missed="0" covered="7"/><counter type="LINE" missed="0" covered="2"/><counter type="COMPLEXITY" missed="0" covered="1"/><counter type="METHOD" missed="0" covered="1"/></method><method name="setResult" desc="(Lcom/github/mauricioaniche/ck/CKMethodResult;)V" line="18"><counter type="INSTRUCTION" missed="0" covered="5"/><counter type="LINE" missed="0" covered="2"/><counter type="COMPLEXITY" missed="0" covered="1"/><counter type="METHOD" missed="0" covered="1"/></method><method name="setResult" desc="(Lcom/github/mauricioaniche/ck/CKClassResult;)V" line="23"><counter type="INSTRUCTION" missed="0" covered="5"/><counter type="LINE" missed="0" covered="2"/><counter type="COMPLEXITY" missed="0" covered="1"/><counter type="METHOD" missed="0" covered="1"/></method><counter type="INSTRUCTION" missed="0" covered="23"/><counter type="LINE" missed="0" covered="8"/><counter type="COMPLEXITY" missed="0" covered="4"/><counter type="METHOD" missed="0" covered="4"/><counter type="CLASS" missed="0" covered="1"/></class><class name="com/github/mauricioaniche/ck/metric/VariableOrFieldMetric" sourcefilename="VariableOrFieldMetric.java"/><class name="com/github/mauricioaniche/ck/metric/MethodLevelMetric" sourcefilename="MethodLevelMetric.java"><method name="setMethodName" desc="(Ljava/lang/String;)V" line="11"><counter type="INSTRUCTION" missed="0" covered="1"/><counter type="LINE" missed="0" covered="1"/><counter type="COMPLEXITY" missed="0" covered="1"/><counter type="METHOD" missed="0" covered="1"/></method><counter type="INSTRUCTION" missed="0" covered="1"/><counter type="LINE" missed="0" covered="1"/><counter type="COMPLEXITY" missed="0" covered="1"/><counter type="METHOD" missed="0" covered="1"/><counter type="CLASS" missed="0" covered="1"/></class><class name="com/github/mauricioaniche/ck/metric/NumberOfComparisons" sourcefilename="NumberOfComparisons.java"><method name="&lt;init&gt;" desc="()V" line="7"><counter type="INSTRUCTION" missed="0" covered="6"/><counter type="LINE" missed="0" covered="2"/><counter type="COMPLEXITY" missed="0" covered="1"/><counter type="METHOD" missed="0" covered="1"/></method><method name="visit" desc="(Lorg/eclipse/jdt/core/dom/InfixExpression;)V" line="14"><counter type="INSTRUCTION" missed="0" covered="21"/><counter type="BRANCH" missed="0" covered="4"/><counter type="LINE" missed="0" covered="5"/><counter type="COMPLEXITY" missed="0" covered="3"/><counter type="METHOD" missed="0" covered="1"/></method><method name="setResult" desc="(Lcom/github/mauricioaniche/ck/CKMethodResult;)V" line="24"><counter type="INSTRUCTION" missed="0" covered="5"/><counter type="LINE" missed="0" covered="2"/><counter type="COMPLEXITY" missed="0" covered="1"/><counter type="METHOD" missed="0" covered="1"/></method><method name="setResult" desc="(Lcom/github/mauricioaniche/ck/CKClassResult;)V" line="29"><counter type="INSTRUCTION" missed="0" covered="5"/><counter type="LINE" missed="0" covered="2"/><counter type="COMPLEXITY" missed="0" covered="1"/><counter type="METHOD" missed="0" covered="1"/></method><counter type="INSTRUCTION" missed="0" covered="37"/><counter type="BRANCH" missed="0" covered="4"/><counter type="LINE" missed="0" covered="11"/><counter type="COMPLEXITY" missed="0" covered="6"/><counter type="METHOD" missed="0" covered="4"/><counter type="CLASS" missed="0" covered="1"/></class><class name="com/github/mauricioaniche/ck/metric/WMC" sourcefilename="WMC.java"><method name="&lt;init&gt;" desc="()V" line="10"><counter type="INSTRUCTION" missed="0" covered="11"/><counter type="LINE" missed="0" covered="3"/><counter type="COMPLEXITY" missed="0" covered="1"/><counter type="METHOD" missed="0" covered="1"/></method><method name="visit" desc="(Lorg/eclipse/jdt/core/dom/MethodDeclaration;)V" line="23"><counter type="INSTRUCTION" missed="0" covered="3"/><counter type="LINE" missed="0" covered="2"/><counter type="COMPLEXITY" missed="0" covered="1"/><counter type="METHOD" missed="0" covered="1"/></method><method name="visit" desc="(Lorg/eclipse/jdt/core/dom/ForStatement;)V" line="28"><counter type="INSTRUCTION" missed="0" covered="10"/><counter type="LINE" missed="0" covered="3"/><counter type="COMPLEXITY" missed="0" covered="1"/><counter type="METHOD" missed="0" covered="1"/></method><method name="visit" desc="(Lorg/eclipse/jdt/core/dom/EnhancedForStatement;)V" line="35"><counter type="INSTRUCTION" missed="0" covered="10"/><counter type="LINE" missed="0" covered="3"/><counter type="COMPLEXITY" missed="0" covered="1"/><counter type="METHOD" missed="0" covered="1"/></method><method name="visit" desc="(Lorg/eclipse/jdt/core/dom/ConditionalExpression;)V" line="43"><counter type="INSTRUCTION" missed="0" covered="10"/><counter type="LINE" missed="0" covered="3"/><counter type="COMPLEXITY" missed="0" covered="1"/><counter type="METHOD" missed="0" covered="1"/></method><method name="visit" desc="(Lorg/eclipse/jdt/core/dom/DoStatement;)V" line="50"><counter type="INSTRUCTION" missed="0" covered="10"/><counter type="LINE" missed="0" covered="3"/><counter type="COMPLEXITY" missed="0" covered="1"/><counter type="METHOD" missed="0" covered="1"/></method><method name="visit" desc="(Lorg/eclipse/jdt/core/dom/WhileStatement;)V" line="57"><counter type="INSTRUCTION" missed="0" covered="10"/><counter type="LINE" missed="0" covered="3"/><counter type="COMPLEXITY" missed="0" covered="1"/><counter type="METHOD" missed="0" covered="1"/></method><method name="visit" desc="(Lorg/eclipse/jdt/core/dom/SwitchCase;)V" line="65"><counter type="INSTRUCTION" missed="0" covered="13"/><counter type="BRANCH" missed="0" covered="2"/><counter type="LINE" missed="0" covered="4"/><counter type="COMPLEXITY" missed="0" covered="2"/><counter type="METHOD" missed="0" covered="1"/></method><method name="visit" desc="(Lorg/eclipse/jdt/core/dom/InfixExpression;)V" line="75"><counter type="INSTRUCTION" missed="0" covered="17"/><counter type="BRANCH" missed="0" covered="4"/><counter type="LINE" missed="0" covered="5"/><counter type="COMPLEXITY" missed="0" covered="3"/><counter type="METHOD" missed="0" covered="1"/></method><method name="visit" desc="(Lorg/eclipse/jdt/core/dom/Initializer;)V" line="92"><counter type="INSTRUCTION" missed="0" covered="3"/><counter type="LINE" missed="0" covered="2"/><counter type="COMPLEXITY" missed="0" covered="1"/><counter type="METHOD" missed="0" covered="1"/></method><method name="visit" desc="(Lorg/eclipse/jdt/core/dom/CatchClause;)V" line="98"><counter type="INSTRUCTION" missed="0" covered="3"/><counter type="LINE" missed="0" covered="2"/><counter type="COMPLEXITY" missed="0" covered="1"/><counter type="METHOD" missed="0" covered="1"/></method><method name="visit" desc="(Lorg/eclipse/jdt/core/dom/IfStatement;)V" line="103"><counter type="INSTRUCTION" missed="0" covered="10"/><counter type="LINE" missed="0" covere
[...]
0"/><line nr="465" mi="0" ci="2" mb="0" cb="0"/><line nr="470" mi="0" ci="4" mb="1" cb="1"/><line nr="471" mi="0" ci="18" mb="0" cb="0"/><line nr="472" mi="0" ci="7" mb="0" cb="2"/><line nr="473" mi="0" ci="21" mb="0" cb="0"/><line nr="475" mi="0" ci="2" mb="0" cb="0"/><line nr="480" mi="0" ci="4" mb="1" cb="1"/><line nr="481" mi="0" ci="18" mb="0" cb="0"/><line nr="482" mi="0" ci="7" mb="0" cb="2"/><line nr="483" mi="0" ci="21" mb="0" cb="0"/><line nr="485" mi="0" ci="2" mb="0" cb="0"/><line nr="490" mi="0" ci="4" mb="1" cb="1"/><line nr="491" mi="0" ci="18" mb="0" cb="0"/><line nr="492" mi="0" ci="7" mb="0" cb="2"/><line nr="493" mi="0" ci="21" mb="0" cb="0"/><line nr="495" mi="0" ci="2" mb="0" cb="0"/><line nr="500" mi="0" ci="4" mb="1" cb="1"/><line nr="501" mi="18" ci="0" mb="0" cb="0"/><line nr="502" mi="7" ci="0" mb="2" cb="0"/><line nr="503" mi="21" ci="0" mb="0" cb="0"/><line nr="505" mi="0" ci="2" mb="0" cb="0"/><line nr="509" mi="0" ci="4" mb="1" cb="1"/><line nr="510" mi="0" ci="18" mb="0" cb="0"/><line nr="511" mi="0" ci="7" mb="1" cb="1"/><line nr="512" mi="0" ci="21" mb="0" cb="0"/><line nr="514" mi="0" ci="2" mb="0" cb="0"/><line nr="519" mi="0" ci="4" mb="1" cb="1"/><line nr="520" mi="0" ci="18" mb="0" cb="0"/><line nr="521" mi="0" ci="7" mb="1" cb="1"/><line nr="522" mi="0" ci="21" mb="0" cb="0"/><line nr="524" mi="0" ci="2" mb="0" cb="0"/><line nr="529" mi="0" ci="4" mb="1" cb="1"/><line nr="530" mi="0" ci="18" mb="0" cb="0"/><line nr="531" mi="0" ci="7" mb="1" cb="1"/><line nr="532" mi="0" ci="21" mb="0" cb="0"/><line nr="534" mi="0" ci="2" mb="0" cb="0"/><line nr="539" mi="0" ci="4" mb="1" cb="1"/><line nr="540" mi="0" ci="18" mb="0" cb="0"/><line nr="541" mi="0" ci="7" mb="0" cb="2"/><line nr="542" mi="0" ci="21" mb="0" cb="0"/><line nr="544" mi="0" ci="2" mb="0" cb="0"/><line nr="549" mi="0" ci="4" mb="0" cb="2"/><line nr="550" mi="0" ci="18" mb="0" cb="0"/><line nr="551" mi="0" ci="7" mb="0" cb="2"/><line nr="552" mi="0" ci="21" mb="0" cb="0"/><line nr="554" mi="0" ci="2" mb="0" cb="0"/><line nr="559" mi="0" ci="4" mb="1" cb="1"/><line nr="560" mi="0" ci="18" mb="0" cb="0"/><line nr="561" mi="0" ci="7" mb="1" cb="1"/><line nr="562" mi="0" ci="21" mb="0" cb="0"/><line nr="564" mi="0" ci="2" mb="0" cb="0"/><line nr="569" mi="0" ci="4" mb="1" cb="1"/><line nr="570" mi="0" ci="18" mb="0" cb="0"/><line nr="571" mi="0" ci="7" mb="1" cb="1"/><line nr="572" mi="0" ci="21" mb="0" cb="0"/><line nr="574" mi="0" ci="2" mb="0" cb="0"/><line nr="579" mi="0" ci="4" mb="1" cb="1"/><line nr="580" mi="0" ci="18" mb="0" cb="0"/><line nr="581" mi="0" ci="7" mb="1" cb="1"/><line nr="582" mi="0" ci="21" mb="0" cb="0"/><line nr="584" mi="0" ci="2" mb="0" cb="0"/><line nr="589" mi="0" ci="4" mb="1" cb="1"/><line nr="590" mi="0" ci="18" mb="0" cb="0"/><line nr="591" mi="0" ci="7" mb="1" cb="1"/><line nr="592" mi="21" ci="0" mb="0" cb="0"/><line nr="594" mi="0" ci="2" mb="0" cb="0"/><line nr="599" mi="0" ci="4" mb="1" cb="1"/><line nr="600" mi="0" ci="18" mb="0" cb="0"/><line nr="601" mi="0" ci="7" mb="0" cb="2"/><line nr="602" mi="0" ci="21" mb="0" cb="0"/><line nr="604" mi="0" ci="2" mb="0" cb="0"/><line nr="609" mi="0" ci="4" mb="1" cb="1"/><line nr="610" mi="0" ci="18" mb="0" cb="0"/><line nr="611" mi="0" ci="7" mb="0" cb="2"/><line nr="612" mi="0" ci="21" mb="0" cb="0"/><line nr="614" mi="0" ci="2" mb="0" cb="0"/><line nr="619" mi="0" ci="4" mb="1" cb="1"/><line nr="620" mi="0" ci="18" mb="0" cb="0"/><line nr="621" mi="0" ci="7" mb="1" cb="1"/><line nr="622" mi="0" ci="21" mb="0" cb="0"/><line nr="624" mi="0" ci="2" mb="0" cb="0"/><line nr="629" mi="0" ci="4" mb="1" cb="1"/><line nr="630" mi="0" ci="18" mb="0" cb="0"/><line nr="631" mi="0" ci="7" mb="1" cb="1"/><line nr="632" mi="21" ci="0" mb="0" cb="0"/><line nr="634" mi="0" ci="2" mb="0" cb="0"/><line nr="639" mi="0" ci="4" mb="1" cb="1"/><line nr="640" mi="0" ci="18" mb="0" cb="0"/><line nr="641" mi="0" ci="7" mb="0" cb="2"/><line nr="642" mi="0" ci="21" mb="0" cb="0"/><line nr="644" mi="0" ci="2" mb="0" cb="0"/><line nr="649" mi="0" ci="4" mb="1" cb="1"/><line nr="650" mi="0" ci="18" mb="0" cb="0"/><line nr="651" mi="0" ci="7" mb="0" cb="2"/><line nr="652" mi="0" ci="21" mb="0" cb="0"/><line nr="654" mi="0" ci="2" mb="0" cb="0"/><line nr="659" mi="0" ci="4" mb="1" cb="1"/><line nr="660" mi="18" ci="0" mb="0" cb="0"/><line nr="661" mi="7" ci="0" mb="2" cb="0"/><line nr="662" mi="21" ci="0" mb="0" cb="0"/><line nr="664" mi="0" ci="2" mb="0" cb="0"/><line nr="669" mi="0" ci="4" mb="1" cb="1"/><line nr="670" mi="0" ci="18" mb="0" cb="0"/><line nr="671" mi="0" ci="7" mb="0" cb="2"/><line nr="672" mi="0" ci="21" mb="0" cb="0"/><line nr="674" mi="0" ci="2" mb="0" cb="0"/><line nr="679" mi="0" ci="4" mb="1" cb="1"/><line nr="680" mi="0" ci="18" mb="0" cb="0"/><line nr="681" mi="0" ci="7" mb="0" cb="2"/><line nr="682" mi="0" ci="21" mb="0" cb="0"/><line nr="684" mi="0" ci="2" mb="0" cb="0"/><line nr="689" mi="4" ci="0" mb="2" cb="0"/><line nr="690" mi="18" ci="0" mb="0" cb="0"/><line nr="691" mi="7" ci="0" mb="2" cb="0"/><line nr="692" mi="21" ci="0" mb="0" cb="0"/><line nr="694" mi="2" ci="0" mb="0" cb="0"/><line nr="699" mi="0" ci="4" mb="1" cb="1"/><line nr="700" mi="0" ci="18" mb="0" cb="0"/><line nr="701" mi="0" ci="7" mb="1" cb="1"/><line nr="702" mi="0" ci="21" mb="0" cb="0"/><line nr="704" mi="0" ci="2" mb="0" cb="0"/><line nr="709" mi="0" ci="4" mb="1" cb="1"/><line nr="710" mi="0" ci="18" mb="0" cb="0"/><line nr="711" mi="0" ci="7" mb="0" cb="2"/><line nr="712" mi="0" ci="21" mb="0" cb="0"/><line nr="714" mi="0" ci="2" mb="0" cb="0"/><line nr="719" mi="4" ci="0" mb="2" cb="0"/><line nr="720" mi="18" ci="0" mb="0" cb="0"/><line nr="721" mi="7" ci="0" mb="2" cb="0"/><line nr="722" mi="21" ci="0" mb="0" cb="0"/><line nr="724" mi="2" ci="0" mb="0" cb="0"/><line nr="729" mi="0" ci="4" mb="1" cb="1"/><line nr="730" mi="0" ci="18" mb="0" cb="0"/><line nr="731" mi="0" ci="7" mb="0" cb="2"/><line nr="732" mi="0" ci="21" mb="0" cb="0"/><line nr="734" mi="0" ci="2" mb="0" cb="0"/><line nr="739" mi="0" ci="4" mb="0" cb="2"/><line nr="740" mi="0" ci="18" mb="0" cb="0"/><line nr="741" mi="0" ci="7" mb="0" cb="2"/><line nr="742" mi="0" ci="21" mb="0" cb="0"/><line nr="744" mi="0" ci="2" mb="0" cb="0"/><line nr="749" mi="0" ci="4" mb="1" cb="1"/><line nr="750" mi="0" ci="18" mb="0" cb="0"/><line nr="751" mi="0" ci="7" mb="0" cb="2"/><line nr="752" mi="0" ci="21" mb="0" cb="0"/><line nr="754" mi="0" ci="2" mb="0" cb="0"/><line nr="759" mi="0" ci="4" mb="0" cb="2"/><line nr="760" mi="0" ci="18" mb="0" cb="0"/><line nr="761" mi="0" ci="7" mb="0" cb="2"/><line nr="762" mi="0" ci="21" mb="0" cb="0"/><line nr="764" mi="0" ci="2" mb="0" cb="0"/><line nr="769" mi="0" ci="4" mb="0" cb="2"/><line nr="770" mi="0" ci="18" mb="0" cb="0"/><line nr="771" mi="0" ci="7" mb="0" cb="2"/><line nr="772" mi="0" ci="21" mb="0" cb="0"/><line nr="774" mi="0" ci="2" mb="0" cb="0"/><line nr="779" mi="0" ci="4" mb="1" cb="1"/><line nr="780" mi="0" ci="18" mb="0" cb="0"/><line nr="781" mi="0" ci="7" mb="0" cb="2"/><line nr="782" mi="0" ci="21" mb="0" cb="0"/><line nr="784" mi="0" ci="2" mb="0" cb="0"/><line nr="789" mi="0" ci="4" mb="0" cb="2"/><line nr="790" mi="0" ci="18" mb="0" cb="0"/><line nr="791" mi="0" ci="7" mb="0" cb="2"/><line nr="792" mi="0" ci="21" mb="0" cb="0"/><line nr="794" mi="0" ci="2" mb="0" cb="0"/><line nr="799" mi="4" ci="0" mb="2" cb="0"/><line nr="800" mi="18" ci="0" mb="0" cb="0"/><line nr="801" mi="7" ci="0" mb="2" cb="0"/><line nr="802" mi="21" ci="0" mb="0" cb="0"/><line nr="804" mi="2" ci="0" mb="0" cb="0"/><line nr="809" mi="0" ci="4" mb="1" cb="1"/><line nr="810" mi="0" ci="18" mb="0" cb="0"/><line nr="811" mi="0" ci="7" mb="0" cb="2"/><line nr="812" mi="0" ci="21" mb="0" cb="0"/><line nr="814" mi="0" ci="2" mb="0" cb="0"/><line nr="819" mi="0" ci="4" mb="1" cb="1"/><line nr="820" mi="0" ci="18" mb="0" cb="0"/><line nr="821" mi="0" ci="7" mb="0" cb="2"/><line nr="822" mi="0" ci="21" mb="0" cb="0"/><line nr="824" mi="0" ci="2" mb="0" cb="0"/><line nr="829" mi="0" ci="4" mb="0" cb="2"/><line nr="830" mi="0" ci="18" mb="0" cb="0"/><line nr="831" mi="0" ci="7" mb="0" cb="2"/><line nr="832" mi="0" ci="21" mb="0" cb="0"/><line nr="834" mi="0" ci="2" mb="0" cb="0"/><line nr="839" mi="0" ci="4" mb="1" cb="1"/><line nr="840" mi="18" ci="0" mb="0" cb="0"/><line nr="841" mi="7" ci="0" mb="2" cb="0"/><line nr="842" mi="21" ci="0" mb="0" cb="0"/><line nr="844" mi="0" ci="2" mb="0" cb="0"/><line nr="849" mi="0" ci="4" mb="1" cb="1"/><line nr="850" mi="0" ci="18" mb="0" cb="0"/><line nr="851" mi="0" ci="7" mb="0" cb="2"/><line nr="852" mi="0" ci="21" mb="0" cb="0"/><line nr="854" mi="0" ci="2" mb="0" cb="0"/><line nr="859" mi="0" ci="4" mb="1" cb="1"/><line nr="860" mi="0" ci="18" mb="0" cb="0"/><line nr="861" mi="0" ci="7" mb="0" cb="2"/><line nr="862" mi="0" ci="21" mb="0" cb="0"/><line nr="864" mi="0" ci="2" mb="0" cb="0"/><line nr="869" mi="0" ci="4" mb="1" cb="1"/><line nr="870" mi="0" ci="18" mb="0" cb="0"/><line nr="871" mi="0" ci="7" mb="0" cb="2"/><line nr="872" mi="0" ci="21" mb="0" cb="0"/><line nr="874" mi="0" ci="2" mb="0" cb="0"/><line nr="879" mi="0" ci="4" mb="1" cb="1"/><line nr="880" mi="0" ci="18" mb="0" cb="0"/><line nr="881" mi="0" ci="7" mb="0" cb="2"/><line nr="882" mi="0" ci="21" mb="0" cb="0"/><line nr="884" mi="0" ci="2" mb="0" cb="0"/><line nr="889" mi="0" ci="4" mb="0" cb="2"/><line nr="890" mi="0" ci="18" mb="0" cb="0"/><line nr="891" mi="0" ci="7" mb="0" cb="2"/><line nr="892" mi="0" ci="21" mb="0" cb="0"/><line nr="894" mi="0" ci="2" mb="0" cb="0"/><line nr="899" mi="0" ci="4" mb="0" cb="2"/><line nr="900" mi="0" ci="18" mb="0" cb="0"/><line nr="901" mi="0" ci="7" mb="0" cb="2"/><line nr="902" mi="0" ci="21" mb="0" cb="0"/><line nr="904" mi="0" ci="2" mb="0" cb="0"/><line nr="909" mi="0" ci="4" mb="1" cb="1"/><line nr="910" mi="0" ci="18" mb="0" cb="0"/><line nr="911" mi="0" ci="7" mb="0" cb="2"/><line nr="912" mi="0" ci="21" mb="0" cb="0"/><line nr="914" mi="0" ci="2" mb="0" cb="0"/><line nr="919" mi="0" ci="4" mb="1" cb="1"/><line nr="920" mi="0" ci="18" mb="0" cb="0"/><line nr="921" mi="0" ci="7" mb="0" cb="2"/><line nr="922" mi="0" ci="21" mb="0" cb="0"/><line nr="924" mi="0" ci="2" mb="0" cb="0"/><line nr="929" mi="0" ci="4" mb="0" cb="2"/><line nr="930" mi="0" ci="18" mb="0" cb="0"/><line nr="931" mi="0" ci="7" mb="0" cb="2"/><line nr="932" mi="0" ci="21" mb="0" cb="0"/><line nr="934" mi="0" ci="2" mb="0" cb="0"/><line nr="939" mi="0" ci="4" mb="0" cb="2"/><line nr="940" mi="0" ci="18" mb="0" cb="0"/><line nr="941" mi="0" ci="7" mb="0" cb="2"/><line nr="942" mi="0" ci="21" mb="0" cb="0"/><line nr="944" mi="0" ci="2" mb="0" cb="0"/><line nr="949" mi="0" ci="4" mb="0" cb="2"/><line nr="950" mi="0" ci="18" mb="0" cb="0"/><line nr="951" mi="0" ci="7" mb="0" cb="2"/><line nr="952" mi="0" ci="21" mb="0" cb="0"/><line nr="954" mi="0" ci="2" mb="0" cb="0"/><line nr="959" mi="0" ci="4" mb="1" cb="1"/><line nr="960" mi="0" ci="18" mb="0" cb="0"/><line nr="961" mi="0" ci="7" mb="0" cb="2"/><line nr="962" mi="0" ci="21" mb="0" cb="0"/><line nr="964" mi="0" ci="2" mb="0" cb="0"/><line nr="969" mi="0" ci="4" mb="1" cb="1"/><line nr="970" mi="0" ci="18" mb="0" cb="0"/><line nr="971" mi="0" ci="7" mb="0" cb="2"/><line nr="972" mi="0" ci="21" mb="0" cb="0"/><line nr="974" mi="0" ci="2" mb="0" cb="0"/><line nr="979" mi="0" ci="4" mb="1" cb="1"/><line nr="980" mi="0" ci="18" mb="0" cb="0"/><line nr="981" mi="0" ci="7" mb="1" cb="1"/><line nr="982" mi="0" ci="21" mb="0" cb="0"/><line nr="984" mi="0" ci="2" mb="0" cb="0"/><line nr="989" mi="4" ci="0" mb="2" cb="0"/><line nr="990" mi="18" ci="0" mb="0" cb="0"/><line nr="991" mi="7" ci="0" mb="2" cb="0"/><line nr="992" mi="21" ci="0" mb="0" cb="0"/><line nr="994" mi="2" ci="0" mb="0" cb="0"/><line nr="999" mi="0" ci="4" mb="1" cb="1"/><line nr="1000" mi="0" ci="18" mb="0" cb="0"/><line nr="1001" mi="0" ci="7" mb="1" cb="1"/><line nr="1002" mi="0" ci="21" mb="0" cb="0"/><line nr="1004" mi="0" ci="2" mb="0" cb="0"/><line nr="1009" mi="4" ci="0" mb="2" cb="0"/><line nr="1010" mi="18" ci="0" mb="0" cb="0"/><line nr="1011" mi="7" ci="0" mb="2" cb="0"/><line nr="1012" mi="21" ci="0" mb="0" cb="0"/><line nr="1014" mi="2" ci="0" mb="0" cb="0"/><line nr="1019" mi="0" ci="4" mb="1" cb="1"/><line nr="1020" mi="0" ci="18" mb="0" cb="0"/><line nr="1021" mi="0" ci="7" mb="1" cb="1"/><line nr="1022" mi="0" ci="21" mb="0" cb="0"/><line nr="1024" mi="0" ci="2" mb="0" cb="0"/><line nr="1029" mi="0" ci="4" mb="1" cb="1"/><line nr="1030" mi="0" ci="18" mb="0" cb="0"/><line nr="1031" mi="0" ci="7" mb="1" cb="1"/><line nr="1032" mi="0" ci="21" mb="0" cb="0"/><line nr="1034" mi="0" ci="2" mb="0" cb="0"/><line nr="1039" mi="0" ci="4" mb="1" cb="1"/><line nr="1040" mi="0" ci="18" mb="0" cb="0"/><line nr="1041" mi="0" ci="7" mb="1" cb="1"/><line nr="1042" mi="0" ci="21" mb="0" cb="0"/><line nr="1044" mi="0" ci="2" mb="0" cb="0"/><line nr="1049" mi="0" ci="4" mb="0" cb="2"/><line nr="1050" mi="0" ci="18" mb="0" cb="0"/><line nr="1051" mi="0" ci="7" mb="0" cb="2"/><line nr="1052" mi="0" ci="21" mb="0" cb="0"/><line nr="1054" mi="0" ci="2" mb="0" cb="0"/><line nr="1059" mi="0" ci="4" mb="0" cb="2"/><line nr="1060" mi="0" ci="18" mb="0" cb="0"/><line nr="1061" mi="0" ci="7" mb="0" cb="2"/><line nr="1062" mi="0" ci="21" mb="0" cb="0"/><line nr="1064" mi="0" ci="2" mb="0" cb="0"/><line nr="1069" mi="0" ci="4" mb="1" cb="1"/><line nr="1070" mi="0" ci="18" mb="0" cb="0"/><line nr="1071" mi="0" ci="7" mb="0" cb="2"/><line nr="1072" mi="0" ci="21" mb="0" cb="0"/><line nr="1074" mi="0" ci="2" mb="0" cb="0"/><line nr="1079" mi="0" ci="4" mb="1" cb="1"/><line nr="1080" mi="0" ci="18" mb="0" cb="0"/><line nr="1081" mi="0" ci="7" mb="0" cb="2"/><line nr="1082" mi="0" ci="21" mb="0" cb="0"/><line nr="1084" mi="0" ci="2" mb="0" cb="0"/><line nr="1089" mi="0" ci="4" mb="1" cb="1"/><line nr="1090" mi="0" ci="18" mb="0" cb="0"/><line nr="1091" mi="0" ci="7" mb="0" cb="2"/><line nr="1092" mi="0" ci="21" mb="0" cb="0"/><line nr="1094" mi="0" ci="2" mb="0" cb="0"/><line nr="1099" mi="0" ci="4" mb="1" cb="1"/><line nr="1100" mi="0" ci="18" mb="0" cb="0"/><line nr="1101" mi="0" ci="7" mb="1" cb="1"/><line nr="1102" mi="0" ci="21" mb="0" cb="0"/><line nr="1104" mi="0" ci="2" mb="0" cb="0"/><line nr="1109" mi="0" ci="4" mb="1" cb="1"/><line nr="1110" mi="0" ci="18" mb="0" cb="0"/><line nr="1111" mi="0" ci="7" mb="0" cb="2"/><line nr="1112" mi="0" ci="21" mb="0" cb="0"/><line nr="1114" mi="0" ci="2" mb="0" cb="0"/><line nr="1119" mi="4" ci="0" mb="2" cb="0"/><line nr="1120" mi="18" ci="0" mb="0" cb="0"/><line nr="1121" mi="7" ci="0" mb="2" cb="0"/><line nr="1122" mi="21" ci="0" mb="0" cb="0"/><line nr="1124" mi="2" ci="0" mb="0" cb="0"/><line nr="1129" mi="0" ci="4" mb="1" cb="1"/><line nr="1130" mi="0" ci="18" mb="0" cb="0"/><line nr="1131" mi="0" ci="7" mb="0" cb="2"/><line nr="1132" mi="0" ci="21" mb="0" cb="0"/><line nr="1134" mi="0" ci="2" mb="0" cb="0"/><line nr="1139" mi="0" ci="4" mb="1" cb="1"/><line nr="1140" mi="0" ci="18" mb="0" cb="0"/><line nr="1141" mi="0" ci="7" mb="1" cb="1"/><line nr="1142" mi="0" ci="21" mb="0" cb="0"/><line nr="1144" mi="0" ci="2" mb="0" cb="0"/><line nr="1149" mi="0" ci="4" mb="1" cb="1"/><line nr="1150" mi="0" ci="18" mb="0" cb="0"/><line nr="1151" mi="0" ci="7" mb="0" cb="2"/><line nr="1152" mi="0" ci="21" mb="0" cb="0"/><line nr="1154" mi="0" ci="2" mb="0" cb="0"/><line nr="1159" mi="0" ci="4" mb="1" cb="1"/><line nr="1160" mi="0" ci="18" mb="0" cb="0"/><line nr="1161" mi="0" ci="7" mb="0" cb="2"/><line nr="1162" mi="0" ci="21" mb="0" cb="0"/><line nr="1164" mi="0" ci="2" mb="0" cb="0"/><line nr="1169" mi="0" ci="4" mb="1" cb="1"/><line nr="1170" mi="0" ci="18" mb="0" cb="0"/><line nr="1171" mi="0" ci="7" mb="0" cb="2"/><line nr="1172" mi="0" ci="21" mb="0" cb="0"/><line nr="1174" mi="0" ci="2" mb="0" cb="0"/><line nr="1179" mi="0" ci="4" mb="1" cb="1"/><line nr="1180" mi="0" ci="18" mb="0" cb="0"/><line nr="1181" mi="0" ci="7" mb="1" cb="1"/><line nr="1182" mi="0" ci="21" mb="0" cb="0"/><line nr="1184" mi="0" ci="2" mb="0" cb="0"/><line nr="1189" mi="0" ci="4" mb="1" cb="1"/><line nr="1190" mi="0" ci="18" mb="0" cb="0"/><line nr="1191" mi="0" ci="7" mb="0" cb="2"/><line nr="1192" mi="0" ci="21" mb="0" cb="0"/><line nr="1194" mi="0" ci="2" mb="0" cb="0"/><line nr="1201" mi="0" ci="4" mb="0" cb="2"/><line nr="1202" mi="0" ci="18" mb="0" cb="0"/><line nr="1203" mi="0" ci="7" mb="0" cb="2"/><line nr="1204" mi="0" ci="21" mb="0" cb="0"/><line nr="1206" mi="0" ci="2" mb="0" cb="0"/><line nr="1215" mi="0" ci="18" mb="0" cb="0"/><line nr="1216" mi="0" ci="7" mb="0" cb="2"/><line nr="1217" mi="0" ci="21" mb="0" cb="0"/><line nr="1218" mi="0" ci="1" mb="0" cb="0"/><line nr="1222" mi="0" ci="18" mb="0" cb="0"/><line nr="1223" mi="0" ci="7" mb="1" cb="1"/><line nr="1224" mi="0" ci="21" mb="0" cb="0"/><line nr="1225" mi="0" ci="1" mb="0" cb="0"/><line nr="1229" mi="0" ci="18" mb="0" cb="0"/><line nr="1230" mi="0" ci="7" mb="1" cb="1"/><line nr="1231" mi="0" ci="21" mb="0" cb="0"/><line nr="1232" mi="0" ci="1" mb="0" cb="0"/><line nr="1235" mi="0" ci="18" mb="0" cb="0"/><line nr="1236" mi="0" ci="7" mb="0" cb="2"/><line nr="1237" mi="0" ci="21" mb="0" cb="0"/><line nr="1238" mi="0" ci="1" mb="0" cb="0"/><line nr="1241" mi="0" ci="18" mb="0" cb="0"/><line nr="1242" mi="0" ci="7" mb="1" cb="1"/><line nr="1243" mi="0" ci="21" mb="0" cb="0"/><line nr="1244" mi="0" ci="1" mb="0" cb="0"/><line nr="1247" mi="0" ci="18" mb="0" cb="0"/><line nr="1248" mi="0" ci="7" mb="1" cb="1"/><line nr="1249" mi="0" ci="21" mb="0" cb="0"/><line nr="1250" mi="0" ci="1" mb="0" cb="0"/><line nr="1253" mi="0" ci="18" mb="0" cb="0"/><line nr="1254" mi="0" ci="7" mb="1" cb="1"/><line nr="1255" mi="0" ci="21" mb="0" cb="0"/><line nr="1256" mi="0" ci="1" mb="0" cb="0"/><line nr="1259" mi="0" ci="18" mb="0" cb="0"/><line nr="1260" mi="0" ci="7" mb="1" cb="1"/><line nr="1261" mi="0" ci="21" mb="0" cb="0"/><line nr="1262" mi="0" ci="1" mb="0" cb="0"/><line nr="1265" mi="0" ci="18" mb="0" cb="0"/><line nr="1266" mi="0" ci="7" mb="0" cb="2"/><line nr="1267" mi="0" ci="21" mb="0" cb="0"/><line nr="1268" mi="0" ci="1" mb="0" cb="0"/><line nr="1271" mi="0" ci="18" mb="0" cb="0"/><line nr="1272" mi="0" ci="7" mb="1" cb="1"/><line nr="1273" mi="0" ci="21" mb="0" cb="0"/><line nr="1274" mi="0" ci="1" mb="0" cb="0"/><line nr="1277" mi="0" ci="18" mb="0" cb="0"/><line nr="1278" mi="0" ci="7" mb="0" cb="2"/><line nr="1279" mi="0" ci="21" mb="0" cb="0"/><line nr="1280" mi="0" ci="1" mb="0" cb="0"/><line nr="1283" mi="0" ci="4" mb="0" cb="2"/><line nr="1284" mi="0" ci="18" mb="0" cb="0"/><line nr="1285" mi="0" ci="7" mb="0" cb="2"/><line nr="1286" mi="0" ci="21" mb="0" cb="0"/><line nr="1288" mi="0" ci="1" mb="0" cb="0"/><line nr="1291" mi="0" ci="4" mb="0" cb="2"/><line nr="1292" mi="0" ci="18" mb="0" cb="0"/><line nr="1294" mi="0" ci="11" mb="0" cb="4"/><line nr="1295" mi="0" ci="21" mb="0" cb="0"/><line nr="1296" mi="0" ci="1" mb="0" cb="0"/><counter type="INSTRUCTION" missed="651" covered="5472"/><counter type="BRANCH" missed="131" covered="275"/><counter type="LINE" missed="54" covered="567"/><counter type="COMPLEXITY" missed="174" covered="596"/><counter type="METHOD" missed="60" covered="507"/><counter type="CLASS" missed="0" covered="3"/></sourcefile><counter type="INSTRUCTION" missed="2058" covered="6554"/><counter type="BRANCH" missed="195" covered="307"/><counter type="LINE" missed="245" covered="929"/><counter type="COMPLEXITY" missed="225" covered="801"/><counter type="METHOD" missed="75" covered="700"/><counter type="CLASS" missed="4" covered="7"/></package><counter type="INSTRUCTION" missed="2535" covered="12052"/><counter type="BRANCH" missed="257" covered="829"/><counter type="LINE" missed="441" covered="2361"/><counter type="COMPLEXITY" missed="395" covered="1473"/><counter type="METHOD" missed="191" covered="1134"/><counter type="CLASS" missed="4" covered="52"/></report>